chan,utime,isotime,source,heard,level,error,dti,name,symbol,latitude,longitude,speed,course,altitude,frequency,offset,tone,system,status,comment
0,1542240004,2018-11-15T00:00:04Z,NN3A-3,W4VA-10,38(16/14),0,!,NN3A-3,/_,39.994000,-79.092167,,,,,,,"Generic, (obsolete. Digis should use APNxxx instead)",,,
0,1542240008,2018-11-15T00:00:08Z,WC4J-3,WC4J-3,64(33/17),0,;,503F,/d,38.553500,-77.332500,,,,,,,APRSISCE win32 version,,,Dumfries Triangle VFD
0,1542240009,2018-11-15T00:00:09Z,WC4J-3,N3HF-1?,65(24/17),1,;,503F,/d,38.553500,-77.332500,,,,,,,APRSISCE win32 version,,,Dumfries Triangle VFD
0,1542240029,2018-11-15T00:00:29Z,W4VA-10,W4VA-10,31(15/14),0,:,W4VA-10,/<,,,,,,,,,"DireWolf, WB2OSZ",,,
0,1542240030,2018-11-15T00:00:30Z,W4VA-10,W4VA-10,32(15/13),0,:,W4VA-10,/<,,,,,,,,,"DireWolf, WB2OSZ",,,
0,1542240031,2018-11-15T00:00:31Z,W4VA-10,W4VA-10,31(15/13),0,:,W4VA-10,/<,,,,,,,,,"DireWolf, WB2OSZ",,,
0,1542240032,2018-11-15T00:00:32Z,W4VA-10,N3HF-1?,52(25/17),0,:,W4VA-10,/<,,,,,,,,,"DireWolf, WB2OSZ",,,
0,1542240033,2018-11-15T00:00:33Z,W4VA-10,N3HF-1?,52(25/17),0,:,W4VA-10,/<,,,,,,,,,"DireWolf, WB2OSZ",,,
0,1542240033,2018-11-15T00:00:33Z,W4VA-10,N3HF-1?,52(25/17),0,:,W4VA-10,/<,,,,,,,,,"DireWolf, WB2OSZ",,,
0,1542240035,2018-11-15T00:00:35Z,W4VA-10,WC4J-3?,64(33/17),0,:,W4VA-10,/<,,,,,,,,,"DireWolf, WB2OSZ",,,
0,1542240036,2018-11-15T00:00:36Z,W4VA-10,WC4J-3?,64(32/17),0,:,W4VA-10,/<,,,,,,,,,"DireWolf, WB2OSZ",,,
0,1542240037,2018-11-15T00:00:37Z,W4VA-10,WC4J-3?,63(30/17),0,:,W4VA-10,/<,,,,,,,,,"DireWolf, WB2OSZ",,,
0,1542240038,2018-11-15T00:00:38Z,W4VA-10,W4VA-10,31(19/13),0,T,W4VA-10,/<,,,,,,,,,"DireWolf, WB2OSZ",,"Seq=984, Supply=12.06 Volts, Humidity=24.0 %, Temp=66.2 deg.F, 5GHz_remote=-64 dBm, 5GHz_base=-63 dBm, unused= unused0, unused= unused0, unused= unused0, 5G_link= 5G_Link1, AllStar= AllStar1, APRS= APRS1, unused= unused0, DR1X= DR1X1",
0,1542240039,2018-11-15T00:00:39Z,W4VA-10,N3HF-1?,52(25/17),0,T,W4VA-10,/<,,,,,,,,,"DireWolf, WB2OSZ",,"Seq=984, Supply=12.06 Volts, Humidity=24.0 %, Temp=66.2 deg.F, 5GHz_remote=-64 dBm, 5GHz_base=-63 dBm, unused= unused0, unused= unused0, unused= unused0, 5G_link= 5G_Link1, AllStar= AllStar1, APRS= APRS1, unused= unused0, DR1X= DR1X1",
0,1542240040,2018-11-15T00:00:40Z,WC4J-3,WC4J-3,64(32/17),0,;,515,/d,38.880667,-77.634000,,,,,,,APRSISCE win32 version,,,Evergreen FD
0,1542240041,2018-11-15T00:00:41Z,W4VA-10,WC4J-3?,64(32/18),0,T,W4VA-10,/<,,,,,,,,,"DireWolf, WB2OSZ",,"Seq=984, Supply=12.06 Volts, Humidity=24.0 %, Temp=66.2 deg.F, 5GHz_remote=-64 dBm, 5GHz_base=-63 dBm, unused= unused0, unused= unused0, unused= unused0, 5G_link= 5G_Link1, AllStar= AllStar1, APRS= APRS1, unused= unused0, DR1X= DR1X1",
0,1542240042,2018-11-15T00:00:42Z,WC4J-3,N3HF-1?,50(24/17),0,;,515,/d,38.880667,-77.634000,,,,,,,APRSISCE win32 version,,,Evergreen FD
0,1542240052,2018-11-15T00:00:52Z,N3JFS-1,W4VA-10,31(14/13),0,@,N3JFS-1,/_,39.557500,-75.760333,,,,,,,UIview 32 bit apps,,,
0,1542240055,2018-11-15T00:00:55Z,W4VA-10,W4VA-10,31(15/14),0,<,W4VA-10,/<,,,,,,,,,"DireWolf, WB2OSZ",,,"IGATE,MSG_CNT=0,PKT_CNT=0,DIR_CNT=25,LOC_CNT=86,RF_CNT=105,UPL_CNT=733084,DNL_CNT=270300"
0,1542240056,2018-11-15T00:00:56Z,W4VA-10,N3HF-1?,50(24/17),0,<,W4VA-10,/<,,,,,,,,,"DireWolf, WB2OSZ",,,"IGATE,MSG_CNT=0,PKT_CNT=0,DIR_CNT=25,LOC_CNT=86,RF_CNT=105,UPL_CNT=733084,DNL_CNT=270300"
0,1542240058,2018-11-15T00:00:58Z,W4VA-10,WC4J-3?,64(32/18),0,<,W4VA-10,/<,,,,,,,,,"DireWolf, WB2OSZ",,,"IGATE,MSG_CNT=0,PKT_CNT=0,DIR_CNT=25,LOC_CNT=86,RF_CNT=105,UPL_CNT=733084,DNL_CNT=270300"
0,1542240063,2018-11-15T00:01:03Z,N4FKH-10,N3HF-1?,53(24/17),0,@,N4FKH-10,/#,38.827833,-77.166333,,,,,,,APRSISCE win32 version,,,Rich in Annandale n4fkh@arrl.net
0,1542240064,2018-11-15T00:01:04Z,N4FKH-10,W4VA-10,31(15/13),0,@,N4FKH-10,/#,38.827833,-77.166333,,,,,,,APRSISCE win32 version,,,Rich in Annandale n4fkh@arrl.net
0,1542240069,2018-11-15T00:01:09Z,WC4J-3,WC4J-3,64(32/17),0,;,503R,/d,38.558000,-77.325500,,,,,,,APRSISCE win32 version,,,Dumfries Triangle VFD
0,1542240070,2018-11-15T00:01:10Z,WC4J-3,N3HF-1?,66(25/17),0,;,503R,/d,38.558000,-77.325500,,,,,,,APRSISCE win32 version,,,Dumfries Triangle VFD
0,1542240083,2018-11-15T00:01:23Z,N3HF-1,N3HF-1,49(24/16),0,;,443.450MD,/r,39.040000,-76.992167,,,,443.450,,156.7,,,, N3HF-R
0,1542240092,2018-11-15T00:01:32Z,W4PWC,W4PWC,31(14/14),0,3,W4PWC,/ ,,,,,,,,,,,,
0,1542240097,2018-11-15T00:01:37Z,NN3A-3,W4VA-10,31(14/14),0,!,NN3A-3,/_,39.994000,-79.092167,,,,,,,"Generic, (obsolete. Digis should use APNxxx instead)",,,
0,1542240099,2018-11-15T00:01:39Z,WC4J-3,WC4J-3,64(32/17),0,;,521,/d,38.751167,-77.480167,,,,,,,APRSISCE win32 version,,,Manassas Rescue SQD
0,1542240100,2018-11-15T00:01:40Z,WC4J-3,N3HF-1?,51(25/17),0,;,521,/d,38.751167,-77.480167,,,,,,,APRSISCE win32 version,,,Manassas Rescue SQD
0,1542240105,2018-11-15T00:01:45Z,WC4J-3,W4VA-10,31(14/14),0,;,521,/d,38.751167,-77.480167,,,,,,,APRSISCE win32 version,,,Manassas Rescue SQD
0,1542240110,2018-11-15T00:01:50Z,K4DPF-2,W4VA-10,30(14/14),0,_,K4DPF-2,/U,,,,,,,,,Byons WXTrac,,,
0,1542240112,2018-11-15T00:01:52Z,N4CV-15,N3HF-1,50(24/16),0,/,N4CV-15,/k,38.999833,-77.402333,0.0,292.0,119.8,,,,Tiny Track III,,,
0,1542240113,2018-11-15T00:01:53Z,N4CV-15,WC4J-3?,65(32/17),0,/,N4CV-15,/k,38.999833,-77.402333,0.0,292.0,119.8,,,,Tiny Track III,,,
0,1542240119,2018-11-15T00:01:59Z,NN3A-3,W4VA-10,31(14/14),0,{,NN3A-3,/f,,,,,,,,,"Generic, (obsolete. Digis should use APNxxx instead)",,,
0,1542240123,2018-11-15T00:02:03Z,KS1G-4,W4VA-10,31(15/13),0,`,KS1G-4,/>,38.938333,-77.385333,40.0,203.0,123.0,,,,Kenwood TM-D710,In Service,,
0,1542240128,2018-11-15T00:02:08Z,WC4J-3,WC4J-3,63(31/18),0,;,523,/d,38.586500,-77.304833,,,,,,,APRSISCE win32 version,,,Dumfries Triangle VFD
0,1542240129,2018-11-15T00:02:09Z,WC4J-3,N3HF-1?,68(26/16),0,;,523,/d,38.586500,-77.304833,,,,,,,APRSISCE win32 version,,,Dumfries Triangle VFD
0,1542240130,2018-11-15T00:02:10Z,WC4J-3,W4VA-10,31(18/13),0,;,523,/d,38.586500,-77.304833,,,,,,,APRSISCE win32 version,,,Dumfries Triangle VFD
0,1542240141,2018-11-15T00:02:21Z,K3ICI-9,N3HF-1,61(25/17),0,`,K3ICI-9,/>,39.137333,-77.179500,0.0,,0.0,,,,Kenwood TM-D710,En Route,, Listening Voice Alert Winlink  
0,1542240141,2018-11-15T00:02:21Z,K3ICI-9,W4VA-10,30(19/14),0,`,K3ICI-9,/>,39.137333,-77.179500,0.0,,0.0,,,,Kenwood TM-D710,En Route,, Listening Voice Alert Winlink  
0,1542240144,2018-11-15T00:02:24Z,K3ICI-9,WC4J-3?,65(32/17),0,`,K3ICI-9,/>,39.137333,-77.179500,0.0,,0.0,,,,Kenwood TM-D710,En Route,, Listening Voice Alert Winlink  
0,1542240145,2018-11-15T00:02:25Z,K4BBB-1,W4VA-10,32(20/14),0,},K4BBB-1,/a,,,,,,,,,Xastir,,,
0,1542240159,2018-11-15T00:02:39Z,WC4J-3,WC4J-3,63(30/17),0,;,524,/d,38.831000,-77.663833,,,,,,,APRSISCE win32 version,,,PWC Station 25
0,1542240160,2018-11-15T00:02:40Z,WC4J-3,N3HF-1?,59(24/16),1,;,524,/d,38.831000,-77.663833,,,,,,,APRSISCE win32 version,,,PWC Station 25
0,1542240175,2018-11-15T00:02:55Z,AE4ML-1,W4PWC,31(14/14),0,!,AE4ML-1,S#,38.300000,-77.457167,,,,,,,Kantronics KPC-3 rom versions,,,"6/W3,VA3/Fredericksburg"
0,1542240175,2018-11-15T00:02:55Z,AE4ML-1,W4PWC?,32(14/14),0,;,147.015va,/r,38.275167,-77.543333,,,,147.015,,79.7,Kantronics KPC-3 rom versions,,,                   
0,1542240176,2018-11-15T00:02:56Z,AE4ML-1,VA2,57(25/17),0,!,AE4ML-1,S#,38.300000,-77.457167,,,,,,,Kantronics KPC-3 rom versions,,,"6/W3,VA3/Fredericksburg"
0,1542240177,2018-11-15T00:02:57Z,AE4ML-1,W4VA-10,32(15/14),0,;,147.015va,/r,38.275167,-77.543333,,,,147.015,,79.7,Kantronics KPC-3 rom versions,,,                   
0,1542240180,2018-11-15T00:03:00Z,WC4J-3,W4KEL-12?,14(6/4),0,;,524,/d,38.831000,-77.663833,,,,,,,APRSISCE win32 version,,,PWC Station 25
0,1542240183,2018-11-15T00:03:03Z,W4VA-10,W4VA-10,31(15/14),0,!,W4VA-10,R&,38.734000,-77.836000,,,,,,,"DireWolf, WB2OSZ",,,"Viewtree Mtn, Warrenton, VA FM18br"
0,1542240188,2018-11-15T00:03:08Z,WC4J-3,WC4J-3,67(32/17),0,;,507,/d,38.707167,-77.452833,,,,,,,APRSISCE win32 version,,,Lake Jackson VFD
0,1542240189,2018-11-15T00:03:09Z,WC4J-3,N3HF-1?,55(25/17),0,;,507,/d,38.707167,-77.452833,,,,,,,APRSISCE win32 version,,,Lake Jackson VFD
0,1542240196,2018-11-15T00:03:16Z,N8PSI-7,W4VA-10,31(15/13),0,`,N8PSI-7,/>,39.137667,-77.704667,0.0,,156.0,,,,Yaesu FTM-400DR,Off Duty,,
0,1542240206,2018-11-15T00:03:26Z,K4BBB-1,W4VA-10,31(15/13),0,},K4BBB-1,/a,,,,,,,,,Xastir,,,
0,1542240218,2018-11-15T00:03:38Z,WC4J-3,WC4J-3,64(31/18),0,;,508,/d,38.794333,-77.449667,,,,,,,APRSISCE win32 version,,,Yorkshire VFD
0,1542240219,2018-11-15T00:03:39Z,WC4J-3,N3HF-1?,52(24/17),0,;,508,/d,38.794333,-77.449667,,,,,,,APRSISCE win32 version,,,Yorkshire VFD
0,1542240222,2018-11-15T00:03:42Z,WC4J-3,W4VA-10,31(14/14),0,;,508,/d,38.794333,-77.449667,,,,,,,APRSISCE win32 version,,,Yorkshire VFD
0,1542240227,2018-11-15T00:03:47Z,N2VRG-9,W4VA-10,31(15/14),0,`,N2VRG-9,/>,39.067667,-76.647167,48.0,280.0,36.0,146.655,-600,141.3,Yaesu FTM-400DR,In Service,, n2vrg@yahoo.com
0,1542240234,2018-11-15T00:03:54Z,K3ATV,N3HF-1?,52(25/17),0,`,K3ATV,/>,39.044716,-77.171037,12.0,326.0,128.0,,,,Byonics TinyTrack3,In Service,"Seq=38, A1=467, A2=611",
0,1542240238,2018-11-15T00:03:58Z,K3ATV,W4VA-10,31(15/14),0,`,K3ATV,/>,39.044716,-77.171037,12.0,326.0,128.0,,,,Byonics TinyTrack3,In Service,"Seq=38, A1=467, A2=611",
0,1542240244,2018-11-15T00:04:04Z,KS1G-4,W4VA-10,30(15/13),0,`,KS1G-4,/>,38.919500,-77.397667,44.0,206.0,115.0,145.310,,77.0,Kenwood TM-D710,In Service,,145.31 T77.0
0,1542240265,2018-11-15T00:04:25Z,W4PGT-1,W4KEL-12?,14(5/4),1,!,W4PGT-1,/_,37.506000,-77.164000,,,,,,,Byons WXTrac,,,
0,1542240267,2018-11-15T00:04:27Z,K3ICI-9,N3HF-1,62(24/16),0,`,K3ICI-9,/>,39.143167,-77.175333,0.0,74.0,160.0,,,,Kenwood TM-D710,En Route,, Listening Voice Alert Winlink  
0,1542240269,2018-11-15T00:04:29Z,K3ICI-9,WC4J-3,64(31/18),0,`,K3ICI-9,/>,39.143167,-77.175333,0.0,74.0,160.0,,,,Kenwood TM-D710,En Route,, Listening Voice Alert Winlink  
0,1542240270,2018-11-15T00:04:30Z,K3ICI-9,N3HF-1?,52(25/17),0,`,K3ICI-9,/>,39.143167,-77.175333,0.0,74.0,160.0,,,,Kenwood TM-D710,En Route,, Listening Voice Alert Winlink  
0,1542240276,2018-11-15T00:04:36Z,WB3ANQ-8,N3HF-1?,53(24/16),0,`,WB3ANQ-8,\K,39.122333,-76.537833,4.0,,34.0,,,,Kenwood TM-D710,In Service,,
0,1542240278,2018-11-15T00:04:38Z,WB3ANQ-8,W4VA-10,33(16/14),0,`,WB3ANQ-8,\K,39.122333,-76.537833,4.0,,34.0,,,,Kenwood TM-D710,In Service,,
0,1542240286,2018-11-15T00:04:46Z,N3HF-1,N3HF-1,51(24/17),0,;,IRLP-4712,I0,39.040000,-76.992167,,,,443.450,,156.7,,,, N3HF-R
0,1542240288,2018-11-15T00:04:48Z,N4FKH-10,W4VA-10,30(15/13),0,>,N4FKH-10,/#,38.812500,-77.125000,,,,,,,APRSISCE win32 version,,,APRSIS/32
0,1542240288,2018-11-15T00:04:48Z,N4FKH-10,N3HF-1?,52(25/17),0,>,N4FKH-10,/#,38.812500,-77.125000,,,,,,,APRSISCE win32 version,,,APRSIS/32
0,1542240290,2018-11-15T00:04:50Z,N4FKH-10,WC4J-3?,64(31/17),0,>,N4FKH-10,/#,38.812500,-77.125000,,,,,,,APRSISCE win32 version,,,APRSIS/32
0,1542240305,2018-11-15T00:05:05Z,KM4IFK-7,W4VA-10,31(15/14),0,`,KM4IFK-7,/[,38.962500,-77.321333,0.0,201.0,104.0,,,,Yaesu VX-8,Off Duty,,A
0,1542240308,2018-11-15T00:05:08Z,WC4J-3,WC4J-3,64(32/17),0,;,525,/d,38.753167,-77.573000,,,,,,,APRSISCE win32 version,,,Nokesville Vol FD
0,1542240310,2018-11-15T00:05:10Z,WC4J-3,W4VA-10,31(16/13),0,;,525,/d,38.753167,-77.573000,,,,,,,APRSISCE win32 version,,,Nokesville Vol FD
0,1542240315,2018-11-15T00:05:15Z,KC3CNQ,N3HF-1?,51(24/17),0,`,KC3CNQ,/>,39.179143,-77.273304,0.0,193.0,160.0,,,,Byonics TinyTrack3,In Service,"Seq=1, A1=382, A2=584",MT-RTG
0,1542240318,2018-11-15T00:05:18Z,KC3CNQ,W4VA-10,33(16/14),0,`,KC3CNQ,/>,39.179143,-77.273304,0.0,193.0,160.0,,,,Byonics TinyTrack3,In Service,"Seq=1, A1=382, A2=584",MT-RTG
0,1542240319,2018-11-15T00:05:19Z,WR4CV-4,W4VA-10,31(14/13),0,!,WR4CV-4,/#,37.795667,-79.180167,,,,,,,Open Track,,,!3747.74N/07910.81W#APRS+ QRT2018/06/06 Rocky Mtn@4150ft ASL
0,1542240323,2018-11-15T00:05:23Z,WR4CV-4,WC4J-3?,65(33/17),0,!,WR4CV-4,/#,37.795667,-79.180167,,,,,,,Open Track,,,!3747.74N/07910.81W#APRS+ QRT2018/06/06 Rocky Mtn@4150ft ASL
0,1542240323,2018-11-15T00:05:23Z,WC4J-3,WC4J-3,62(29/17),0,},WC4J-3,/f,,,,,,,,,APRSISCE win32 version,,,
0,1542240327,2018-11-15T00:05:27Z,WC4J-3,W4VA-10,31(15/14),0,},WC4J-3,/f,,,,,,,,,APRSISCE win32 version,,,
0,1542240329,2018-11-15T00:05:29Z,KC3CNQ,N3HF-1?,51(25/17),0,`,KC3CNQ,/>,39.179258,-77.273236,0.0,126.0,154.0,,,,Byonics TinyTrack3,In Service,"Seq=1, A1=441, A2=585",MT-RTG
0,1542240330,2018-11-15T00:05:30Z,KC3CNQ,W4VA-10,32(15/14),0,`,KC3CNQ,/>,39.179258,-77.273236,0.0,126.0,154.0,,,,Byonics TinyTrack3,In Service,"Seq=1, A1=441, A2=585",MT-RTG
0,1542240338,2018-11-15T00:05:38Z,WC4J-3,WC4J-3,63(32/17),0,;,517,/d,38.625833,-77.347500,,,,,,,APRSISCE win32 version,,,Dumfries Triangle VFD
0,1542240339,2018-11-15T00:05:39Z,WC4J-3,N3HF-1?,63(24/17),1,;,517,/d,38.625833,-77.347500,,,,,,,APRSISCE win32 version,,,Dumfries Triangle VFD
0,1542240344,2018-11-15T00:05:44Z,KA3POX,W4VA-10,31(14/14),0,!,KA3POX,S#,38.711500,-76.980833,,,,,,,Kantronics KPC-3 rom versions,,,"/W2,MDn FTWASHINGTON MD"
0,1542240351,2018-11-15T00:05:51Z,N2VRG-9,N3HF-1?,51(24/18),0,`,N2VRG-9,/>,39.081333,-76.675833,22.0,250.0,74.0,,,,Yaesu FTM-400DR,In Service,,
0,1542240353,2018-11-15T00:05:53Z,N2VRG-9,W4VA-10,31(20/14),0,`,N2VRG-9,/>,39.081333,-76.675833,22.0,250.0,74.0,,,,Yaesu FTM-400DR,In Service,,
0,1542240362,2018-11-15T00:06:02Z,KS1G-4,W4VA-10,31(15/14),0,`,KS1G-4,/>,38.898333,-77.403500,41.0,135.0,113.0,,,,Kenwood TM-D710,In Service,,
0,1542240363,2018-11-15T00:06:03Z,KS1G-4,N3HF-1?,53(25/17),0,`,KS1G-4,/>,38.898333,-77.403500,41.0,135.0,113.0,,,,Kenwood TM-D710,In Service,,
0,1542240365,2018-11-15T00:06:05Z,KS1G-4,WC4J-3?,64(31/18),0,`,KS1G-4,/>,38.898333,-77.403500,41.0,135.0,113.0,,,,Kenwood TM-D710,In Service,,
0,1542240367,2018-11-15T00:06:07Z,KC3BBT-13,N3HF-1,52(25/17),0,@,KC3BBT-13,/_,38.966000,-77.094000,,,,,,,>40 APRSmax,,,
0,1542240369,2018-11-15T00:06:09Z,WC4J-3,WC4J-3,64(32/17),0,;,501,/d,38.752833,-77.469000,,,,,,,APRSISCE win32 version,,,Manassas Vol FD
0,1542240372,2018-11-15T00:06:12Z,WC4J-3,W4VA-10,32(14/14),0,;,501,/d,38.752833,-77.469000,,,,,,,APRSISCE win32 version,,,Manassas Vol FD
0,1542240377,2018-11-15T00:06:17Z,K3ATV,N3HF-1?,51(25/17),0,`,K3ATV,/>,39.053515,-77.178498,17.0,286.0,127.0,,,,Byonics TinyTrack3,In Service,"Seq=41, A1=467, A2=611",MT-RTG
0,1542240379,2018-11-15T00:06:19Z,K3ATV,W4VA-10,31(14/14),0,`,K3ATV,/>,39.053515,-77.178498,17.0,286.0,127.0,,,,Byonics TinyTrack3,In Service,"Seq=41, A1=467, A2=611",MT-RTG
0,1542240388,2018-11-15T00:06:28Z,NU3S-7,W4VA-10,31(15/14),0,',NU3S-7,/_,40.379167,-80.080000,0.0,,,,,,Kenwood TM-D710,In Service,,
0,1542240399,2018-11-15T00:06:39Z,WC4J-3,WC4J-3,63(31/17),0,;,518,/d,38.666000,-77.381833,,,,,,,APRSISCE win32 version,,,Dale City VFD
0,1542240399,2018-11-15T00:06:39Z,WC4J-3,N3HF-1?,64(24/16),0,;,518,/d,38.666000,-77.381833,,,,,,,APRSISCE win32 version,,,Dale City VFD
0,1542240406,2018-11-15T00:06:46Z,K3ICI-9,WC4J-3,63(32/17),0,`,K3ICI-9,/>,39.154667,-77.163833,0.0,336.0,171.0,,,,Kenwood TM-D710,En Route,, Listening Voice Alert Winlink  
0,1542240407,2018-11-15T00:06:47Z,K3ICI-9,N3HF-1?,52(24/17),0,`,K3ICI-9,/>,39.154667,-77.163833,0.0,336.0,171.0,,,,Kenwood TM-D710,En Route,, Listening Voice Alert Winlink  
0,1542240408,2018-11-15T00:06:48Z,N3HF-1,N3HF-1,50(24/16),0,;,EL-84345,E0,39.040000,-76.992167,,,,443.450,,156.7,Kantronics KPC-3 rom versions,,, N3HF-R
0,1542240416,2018-11-15T00:06:56Z,K4DPF-2,W4VA-10,31(15/13),0,_,K4DPF-2,/U,,,,,,,,,Byons WXTrac,,,
0,1542240419,2018-11-15T00:06:59Z,K4DPF-2,N3HF-1?,53(25/17),0,!,K4DPF-2,/W,39.030667,-77.595500,,,,,,,Byons WXTrac,,,
0,1542240421,2018-11-15T00:07:01Z,K4DPF-2,W4VA-10,30(15/13),0,!,K4DPF-2,/W,39.030667,-77.595500,,,,,,,Byons WXTrac,,,
0,1542240428,2018-11-15T00:07:08Z,WC4J-3,WC4J-3,65(33/18),0,;,520,/d,38.647667,-77.306333,,,,,,,APRSISCE win32 version,,,Dale City FD
0,1542240429,2018-11-15T00:07:09Z,WC4J-3,N3HF-1?,52(25/17),0,;,520,/d,38.647667,-77.306333,,,,,,,APRSISCE win32 version,,,Dale City FD
0,1542240432,2018-11-15T00:07:12Z,K4EME-3,W4VA-10,31(15/13),0,!,K4EME-3,/#,38.165333,-79.314167,,,,,,,,,,"/WIDE-RELAY digi on Elliott Knob,VA A=4440"
0,1542240434,2018-11-15T00:07:14Z,W4KEL-12,W4KEL-12,14(10/5),0,!,W4KEL-12,I&,38.295167,-78.603000,,,,,,,>40 APRSmax,,,w4kel@lothberg.org iGate
0,1542240440,2018-11-15T00:07:20Z,W4PWC,W4PWC,31(15/14),0,!,W4PWC,S#,38.567333,-77.657667,,,,,,,Kantronics KPC-9612 Roms,,, W2 VAN-N CATLETT VA
0,1542240441,2018-11-15T00:07:21Z,W4PWC,N3HF-1?,59(25/18),0,!,W4PWC,S#,38.567333,-77.657667,,,,,,,Kantronics KPC-9612 Roms,,, W2 VAN-N CATLETT VA
0,1542240441,2018-11-15T00:07:21Z,W4PWC,W4VA-10,32(20/14),0,!,W4PWC,S#,38.567333,-77.657667,,,,,,,Kantronics KPC-9612 Roms,,, W2 VAN-N CATLETT VA
0,1542240444,2018-11-15T00:07:24Z,W4PWC,WC4J-3?,63(32/17),0,!,W4PWC,S#,38.567333,-77.657667,,,,,,,Kantronics KPC-9612 Roms,,, W2 VAN-N CATLETT VA
0,1542240453,2018-11-15T00:07:33Z,WC4J-3,WC4J-3,64(32/17),0,@,WC4J-3,/#,38.792333,-77.526333,,,,144.390,,,APRSISCE win32 version,,,144.39 APRS
0,1542240454,2018-11-15T00:07:34Z,WC4J-3,N3HF-1?,61(24/16),0,@,WC4J-3,/#,38.792333,-77.526333,,,,144.390,,,APRSISCE win32 version,,,144.39 APRS
0,1542240458,2018-11-15T00:07:38Z,WC4J-3,WC4J-3,63(32/17),0,;,505,/d,38.700333,-77.577167,,,,,,,APRSISCE win32 version,,,Nokesville Vol FD
0,1542240459,2018-11-15T00:07:39Z,WC4J-3,N3HF-1?,52(25/17),0,;,505,/d,38.700333,-77.577167,,,,,,,APRSISCE win32 version,,,Nokesville Vol FD
0,1542240460,2018-11-15T00:07:40Z,WC4J-3,W4VA-10,31(17/13),0,;,505,/d,38.700333,-77.577167,,,,,,,APRSISCE win32 version,,,Nokesville Vol FD
0,1542240482,2018-11-15T00:08:02Z,N2VRG-9,W4VA-10,31(14/14),0,`,N2VRG-9,/>,39.081500,-76.695167,26.0,308.0,51.0,146.655,-600,141.3,Yaesu FTM-400DR,In Service,, n2vrg@yahoo.com
0,1542240485,2018-11-15T00:08:05Z,K3NAL-1,W4VA-10,30(15/13),0,!,K3NAL-1,S#,38.279833,-76.459667,,,,,,,"Network nodes, digis, etc",,, W3 MD3-3 PAX Digi
0,1542240488,2018-11-15T00:08:08Z,WC4J-3,WC4J-3,62(33/17),0,;,502,/d,38.663333,-77.255667,,,,,,,APRSISCE win32 version,,,OWL VFD
0,1542240489,2018-11-15T00:08:09Z,WC4J-3,N3HF-1?,52(25/16),0,;,502,/d,38.663333,-77.255667,,,,,,,APRSISCE win32 version,,,OWL VFD
0,1542240490,2018-11-15T00:08:10Z,WC4J-3,W4VA-10,31(16/13),0,;,502,/d,38.663333,-77.255667,,,,,,,APRSISCE win32 version,,,OWL VFD
0,1542240496,2018-11-15T00:08:16Z,K3NAL-1,W4KEL-12?,13(5/4),1,!,K3NAL-1,S#,38.279833,-76.459667,,,,,,,"Network nodes, digis, etc",,, W3 MD3-3 PAX Digi
0,1542240504,2018-11-15T00:08:24Z,K7SOB-13,W4VA-10,32(24/14),0,T,K7SOB-13,/R,,,,,,,,,Open Track,,"Seq=0, A1=138, A2=0, A3=0, A4=0, A5=0, D1=0, D2=0, D3=0, D4=0, D5=0, D6=0, D7=0, D8=0",
0,1542240505,2018-11-15T00:08:25Z,K7SOB-13,W4PWC?,32(16/14),0,T,K7SOB-13,/R,,,,,,,,,Open Track,,"Seq=0, A1=138, A2=0, A3=0, A4=0, A5=0, D1=0, D2=0, D3=0, D4=0, D5=0, D6=0, D7=0, D8=0",
0,1542240510,2018-11-15T00:08:30Z,WC4J,N3HF-1?,64(24/17),0,>,WC4J,/ ,,,,,,,,,APRSISCE win32 version,,,in service
0,1542240511,2018-11-15T00:08:31Z,WC4J,W4VA-10,31(19/14),0,>,WC4J,/ ,,,,,,,,,APRSISCE win32 version,,,in service
0,1542240512,2018-11-15T00:08:32Z,WC4J,WC4J-3?,61(31/17),0,>,WC4J,/ ,,,,,,,,,APRSISCE win32 version,,,in service
0,1542240516,2018-11-15T00:08:36Z,KS1G-4,W4VA-10,31(14/14),0,`,KS1G-4,/>,38.874500,-77.384667,27.0,264.0,135.0,,,,Kenwood TM-D710,In Service,,
0,1542240516,2018-11-15T00:08:36Z,KS1G-4,N3HF-1?,51(24/17),0,`,KS1G-4,/>,38.874500,-77.384667,27.0,264.0,135.0,,,,Kenwood TM-D710,In Service,,
0,1542240518,2018-11-15T00:08:38Z,KS1G-4,WC4J-3?,61(33/17),0,`,KS1G-4,/>,38.874500,-77.384667,27.0,264.0,135.0,,,,Kenwood TM-D710,In Service,,
0,1542240518,2018-11-15T00:08:38Z,KS1G-4,N3HF-1?,52(25/17),0,`,KS1G-4,/>,38.874500,-77.384667,27.0,264.0,135.0,,,,Kenwood TM-D710,In Service,,
0,1542240520,2018-11-15T00:08:40Z,N3HF-1,N3HF-1,49(24/16),0,!,N3HF-1,S#,38.684500,-77.418333,,,,,,,Kantronics KPC-3 rom versions,,,"/W3,VAn,Independent Hill VA /A=00354"
0,1542240521,2018-11-15T00:08:41Z,N3HF-1,W4PWC,31(15/14),0,!,N3HF-1,S#,38.684500,-77.418333,,,,,,,Kantronics KPC-3 rom versions,,,"/W3,VAn,Independent Hill VA /A=00354"
0,1542240522,2018-11-15T00:08:42Z,N3HF-1,WC4J-3,64(32/17),0,!,N3HF-1,S#,38.684500,-77.418333,,,,,,,Kantronics KPC-3 rom versions,,,"/W3,VAn,Independent Hill VA /A=00354"
0,1542240524,2018-11-15T00:08:44Z,N3HF-1,W4VA-10,31(17/13),0,!,N3HF-1,S#,38.684500,-77.418333,,,,,,,Kantronics KPC-3 rom versions,,,"/W3,VAn,Independent Hill VA /A=00354"
0,1542240547,2018-11-15T00:09:07Z,W4DOJ-9,N3HF-1?,50(24/16),0,`,W4DOJ-9,/>,38.814167,-77.642167,0.0,209.0,100.0,,,,Yaesu FTM-400DR,Off Duty,,
0,1542240550,2018-11-15T00:09:10Z,KS1G-4,W4VA-10,31(19/14),0,`,KS1G-4,/>,38.875167,-77.382667,35.0,116.0,137.0,,,,Kenwood TM-D710,In Service,,
0,1542240551,2018-11-15T00:09:11Z,KS1G-4,N3HF-1?,53(25/17),0,`,KS1G-4,/>,38.875167,-77.382667,35.0,116.0,137.0,,,,Kenwood TM-D710,In Service,,
0,1542240559,2018-11-15T00:09:19Z,K4RSU,N3HF-1,50(24/16),0,=,K4RSU,/-,38.709833,-77.377167,,,,,,,UIview 32 bit apps,,,"Zach in Manassas,VA {UIV32N}"
0,1542240560,2018-11-15T00:09:20Z,K4RSU,W4PWC?,37(18/14),0,=,K4RSU,/-,38.709833,-77.377167,,,,,,,UIview 32 bit apps,,,"Zach in Manassas,VA {UIV32N}"
0,1542240561,2018-11-15T00:09:21Z,K4RSU,WC4J-3?,64(32/17),0,=,K4RSU,/-,38.709833,-77.377167,,,,,,,UIview 32 bit apps,,,"Zach in Manassas,VA {UIV32N}"
0,1542240562,2018-11-15T00:09:22Z,WC4J-3,WC4J-3,64(31/17),0,},WC4J-3,/f,,,,,,,,,APRSISCE win32 version,,,
0,1542240563,2018-11-15T00:09:23Z,WC4J-3,N3HF-1?,56(25/17),0,},WC4J-3,/f,,,,,,,,,APRSISCE win32 version,,,
0,1542240567,2018-11-15T00:09:27Z,W4MEV-9,W4KEL-12?,14(5/4),0,`,W4MEV-9,\K,37.513667,-77.601667,13.0,62.0,102.0,146.520,,,Kenwood TM-D710,In Service,, & Voice Alert on 144.390MHz
0,1542240568,2018-11-15T00:09:28Z,W4MEV-9,W4PWC?,31(16/14),0,`,W4MEV-9,\K,37.513667,-77.601667,13.0,62.0,102.0,146.520,,,Kenwood TM-D710,In Service,, & Voice Alert on 144.390MHz
0,1542240572,2018-11-15T00:09:32Z,WX4C,N3HF-1?,49(24/16),0,',WX4C,/.,38.504333,-78.767333,0.0,,,,,,Kenwood TM-D710,Committed,,www.wx4c.com
0,1542240578,2018-11-15T00:09:38Z,WC4J-3,WC4J-3,64(30/17),0,;,Sentara,/h,38.636333,-77.286500,,,,,,,APRSISCE win32 version,,,Sentara NVA Medical Center
0,1542240579,2018-11-15T00:09:39Z,WC4J-3,N3HF-1?,51(24/17),0,;,Sentara,/h,38.636333,-77.286500,,,,,,,APRSISCE win32 version,,,Sentara NVA Medical Center
0,1542240581,2018-11-15T00:09:41Z,WC4J-3,W4VA-10,32(14/14),0,;,Sentara,/h,38.636333,-77.286500,,,,,,,APRSISCE win32 version,,,Sentara NVA Medical Center
0,1542240598,2018-11-15T00:09:58Z,N3JFS-1,W4VA-10,30(15/14),0,@,N3JFS-1,/_,39.557500,-75.760333,,,,,,,UIview 32 bit apps,,,
0,1542240604,2018-11-15T00:10:04Z,W4ABN-3,N3HF-1?,52(25/17),0,`,W4ABN-3,/k,38.936370,-77.545319,0.0,294.0,105.0,,,,Byonics TinyTrack3,In Service,"Seq=617, A1=409, A2=578",Daniel - RTG
0,1542240606,2018-11-15T00:10:06Z,W4ABN-3,W4VA-10,34(16/13),0,`,W4ABN-3,/k,38.936370,-77.545319,0.0,294.0,105.0,,,,Byonics TinyTrack3,In Service,"Seq=617, A1=409, A2=578",Daniel - RTG
0,1542240632,2018-11-15T00:10:32Z,W4VA-10,W4VA-10,31(15/14),0,:,W4VA-10,/<,,,,,,,,,"DireWolf, WB2OSZ",,,
0,1542240633,2018-11-15T00:10:33Z,W4VA-10,W4VA-10,32(15/13),0,:,W4VA-10,/<,,,,,,,,,"DireWolf, WB2OSZ",,,
0,1542240633,2018-11-15T00:10:33Z,W4VA-10,W4VA-10,31(15/13),0,:,W4VA-10,/<,,,,,,,,,"DireWolf, WB2OSZ",,,
0,1542240634,2018-11-15T00:10:34Z,W4VA-10,N3HF-1?,52(25/17),0,:,W4VA-10,/<,,,,,,,,,"DireWolf, WB2OSZ",,,
0,1542240635,2018-11-15T00:10:35Z,W4VA-10,N3HF-1?,53(25/17),0,:,W4VA-10,/<,,,,,,,,,"DireWolf, WB2OSZ",,,
0,1542240636,2018-11-15T00:10:36Z,W4VA-10,N3HF-1?,52(25/18),0,:,W4VA-10,/<,,,,,,,,,"DireWolf, WB2OSZ",,,
0,1542240638,2018-11-15T00:10:38Z,W4IY,N3HF-1,49(23/16),0,!,W4IY,/&,38.650500,-77.275167,,,,,,,APRS4R software interface,,,APRS4R    Woodbridge  VA
0,1542240643,2018-11-15T00:10:43Z,WC4J-3,N3HF-1?,61(24/18),0,;,PW HOSP,/h,38.767167,-77.487167,,,,,,,APRSISCE win32 version,,,PWC NOVANT HOSPITAL
0,1542240643,2018-11-15T00:10:43Z,W4VA-10,W4VA-10,39(17/15),0,T,W4VA-10,/<,,,,,,,,,"DireWolf, WB2OSZ",,"Seq=986, Supply=12.06 Volts, Humidity=24.0 %, Temp=66.2 deg.F, 5GHz_remote=-63 dBm, 5GHz_base=-63 dBm, unused= unused0, unused= unused0, unused= unused0, 5G_link= 5G_Link1, AllStar= AllStar1, APRS= APRS1, unused= unused0, DR1X= DR1X1",
0,1542240644,2018-11-15T00:10:44Z,W4VA-10,W4VA-10,32(15/14),0,F,W4VA-10,/<,,,,,,,,,,,,
0,1542240645,2018-11-15T00:10:45Z,W4VA-10,N3HF-1?,50(24/16),0,T,W4VA-10,/<,,,,,,,,,"DireWolf, WB2OSZ",,"Seq=986, Supply=12.06 Volts, Humidity=24.0 %, Temp=66.2 deg.F, 5GHz_remote=-63 dBm, 5GHz_base=-63 dBm, unused= unused0, unused= unused0, unused= unused0, 5G_link= 5G_Link1, AllStar= AllStar1, APRS= APRS1, unused= unused0, DR1X= DR1X1",
0,1542240647,2018-11-15T00:10:47Z,W4VA-10,W4VA-10,31(15/13),0,>,W4VA-10,/<,,,,,,,,,"DireWolf, WB2OSZ",,," uptime 24 days,  6:01,  0 users,  load average: 0.18, 0.15, 0.10"
0,1542240648,2018-11-15T00:10:48Z,W4VA-10,W4VA-10,31(15/13),0,;,W4VA-R,/r,38.735167,-77.837167,,,,147.165,,167.9,"DireWolf, WB2OSZ",,, W4VA/R Echolink #883791 Allstar #46212
0,1542240648,2018-11-15T00:10:48Z,W4VA-10,W4VA-10,31(14/14),0,<,W4VA-10,/<,,,,,,,,,"DireWolf, WB2OSZ",,,"IGATE,MSG_CNT=0,PKT_CNT=0,DIR_CNT=23,LOC_CNT=86,RF_CNT=109,UPL_CNT=733299,DNL_CNT=270376"
0,1542240650,2018-11-15T00:10:50Z,W4VA-10,N3HF-1?,53(25/17),0,;,W4VA-R,/r,38.735167,-77.837167,,,,147.165,,167.9,"DireWolf, WB2OSZ",,, W4VA/R Echolink #883791 Allstar #46212
0,1542240651,2018-11-15T00:10:51Z,W4VA-10,N3HF-1?,52(24/17),0,<,W4VA-10,/<,,,,,,,,,"DireWolf, WB2OSZ",,,"IGATE,MSG_CNT=0,PKT_CNT=0,DIR_CNT=23,LOC_CNT=86,RF_CNT=109,UPL_CNT=733299,DNL_CNT=270376"
0,1542240652,2018-11-15T00:10:52Z,W4VA-10,WC4J-3?,64(31/17),0,;,W4VA-R,/r,38.735167,-77.837167,,,,147.165,,167.9,"DireWolf, WB2OSZ",,, W4VA/R Echolink #883791 Allstar #46212
0,1542240653,2018-11-15T00:10:53Z,W4VA-10,WC4J-3?,64(32/17),0,<,W4VA-10,/<,,,,,,,,,"DireWolf, WB2OSZ",,,"IGATE,MSG_CNT=0,PKT_CNT=0,DIR_CNT=23,LOC_CNT=86,RF_CNT=109,UPL_CNT=733299,DNL_CNT=270376"
0,1542240663,2018-11-15T00:11:03Z,W4VA-10,W4VA-10,32(16/13),0,!,W4VA-10,R&,38.734000,-77.836000,,,,,,,"DireWolf, WB2OSZ",,,"Viewtree Mtn, Warrenton, VA FM18br"
0,1542240664,2018-11-15T00:11:04Z,W4VA-10,N3HF-1?,54(25/17),0,!,W4VA-10,R&,38.734000,-77.836000,,,,,,,"DireWolf, WB2OSZ",,,"Viewtree Mtn, Warrenton, VA FM18br"
0,1542240666,2018-11-15T00:11:06Z,W4VA-10,N3HF-1?,52(26/17),0,!,W4VA-10,R&,38.734000,-77.836000,,,,,,,"DireWolf, WB2OSZ",,,"Viewtree Mtn, Warrenton, VA FM18br"
0,1542240668,2018-11-15T00:11:08Z,W4VA-10,N3HF-1?,53(24/18),0,!,W4VA-10,R&,38.734000,-77.836000,,,,,,,"DireWolf, WB2OSZ",,,"Viewtree Mtn, Warrenton, VA FM18br"
0,1542240670,2018-11-15T00:11:10Z,WC4J-3,W4PWC?,35(16/15),0,;,506,/d,38.656167,-77.442167,,,,,,,APRSISCE win32 version,,,Coles VFD
0,1542240671,2018-11-15T00:11:11Z,WC4J-3,N3HF-1?,50(24/16),0,;,506,/d,38.656167,-77.442167,,,,,,,APRSISCE win32 version,,,Coles VFD
0,1542240674,2018-11-15T00:11:14Z,WC4J-3,W4VA-10,32(15/14),0,;,506,/d,38.656167,-77.442167,,,,,,,APRSISCE win32 version,,,Coles VFD
0,1542240681,2018-11-15T00:11:21Z,KS1G-4,N3HF-1?,53(24/17),0,`,KS1G-4,/>,38.869167,-77.367167,39.0,116.0,147.0,145.310,,77.0,Kenwood TM-D710,In Service,,145.31 T77.0
0,1542240683,2018-11-15T00:11:23Z,KS1G-4,W4VA-10,34(14/15),0,`,KS1G-4,/>,38.869167,-77.367167,39.0,116.0,147.0,145.310,,77.0,Kenwood TM-D710,In Service,,145.31 T77.0
0,1542240684,2018-11-15T00:11:24Z,N3HF-1,N3HF-1,51(24/16),0,;,443.450MD,/r,39.040000,-76.992167,,,,443.450,,156.7,,,, N3HF-R
0,1542240689,2018-11-15T00:11:29Z,KN4GXC-1,N3HF-1?,54(25/17),0,`,KN4GXC-1,/#,38.885000,-77.116333,0.0,,102.0,,,,Kenwood TM-D710,Custom-0,,Oh Hai!
0,1542240691,2018-11-15T00:11:31Z,KN4GXC-1,W4VA-10,39(15/14),0,`,KN4GXC-1,/#,38.885000,-77.116333,0.0,,102.0,,,,Kenwood TM-D710,Custom-0,,Oh Hai!
0,1542240695,2018-11-15T00:11:35Z,K3ICI-9,N3HF-1,51(25/17),0,`,K3ICI-9,/>,39.169333,-77.154500,0.0,319.0,168.0,,,,Kenwood TM-D710,En Route,, Listening Voice Alert Winlink  
0,1542240696,2018-11-15T00:11:36Z,K3ICI-9,W4VA-10,34(14/14),0,`,K3ICI-9,/>,39.169333,-77.154500,0.0,319.0,168.0,,,,Kenwood TM-D710,En Route,, Listening Voice Alert Winlink  
0,1542240699,2018-11-15T00:11:39Z,K3ICI-9,N3HF-1?,64(25/16),0,`,K3ICI-9,/>,39.169333,-77.154500,0.0,319.0,168.0,,,,Kenwood TM-D710,En Route,, Listening Voice Alert Winlink  
0,1542240700,2018-11-15T00:11:40Z,WC4J-3,N3HF-1?,52(25/17),1,;,504,/d,38.804000,-77.618833,,,,,,,APRSISCE win32 version,,,Gainsville VFD
0,1542240708,2018-11-15T00:11:48Z,N3GXH-2,W4VA-10,33(15/14),0,=,N3GXH-2,/&,39.310000,-76.728500,,,,,,,Xastir,,,RPi3B+ D700 2way Igate.
0,1542240719,2018-11-15T00:11:59Z,K4DPF-2,N3HF-1?,54(25/17),0,_,K4DPF-2,/U,,,,,,,,,Byons WXTrac,,,
0,1542240726,2018-11-15T00:12:06Z,N1RM-1,N3HF-1?,62(24/17),0,@,N1RM-1,S#,38.958167,-77.364333,,,,,,,SQ3PLX http://microsat.com.pl/,,,4/Near Reston Hospital
0,1542240745,2018-11-15T00:12:25Z,K4BBB-1,N3HF-1?,51(24/17),0,=,K4BBB-1,/x,38.893000,-77.205500,,,139.0,,,,Xastir,,,/Testing6M1WayiGate|X
0,1542240763,2018-11-15T00:12:43Z,N3HF-1,N3HF-1,51(24/16),0,!,N3HF-1,S#,38.684500,-77.418333,,,,,,,Kantronics KPC-3 rom versions,,,"/W3,VAn,Independent Hill VA /A=00354"
0,1542240807,2018-11-15T00:13:27Z,KC3CNQ,N3HF-1?,56(23/17),1,`,KC3CNQ,/>,39.184606,-77.313207,28.0,273.0,121.0,,,,Byonics TinyTrack3,In Service,"Seq=5, A1=450, A2=593",MT-RTG
0,1542240841,2018-11-15T00:14:01Z,N4DSL-3,N3HF-1?,60(24/17),1,!,N4DSL-3,S#,38.444000,-78.734833,,,,,,,Kantronics KPC-3 rom versions,,,"/VAn,Wn Digi on Lairds Knob, VA A=3200"
0,1542240871,2018-11-15T00:14:31Z,WC4J,N3HF-1?,57(24/17),0,;,WarrenMem,/h,38.931000,-78.198667,,,,,,,APRSISCE win32 version,,,Warren Memorial Hospital
0,1542241118,2018-11-15T00:18:38Z,WC4J-3,WC4J-3,42(22/12),0,;,508,/d,38.794333,-77.449667,,,,,,,APRSISCE win32 version,,,Yorkshire VFD
0,1542241145,2018-11-15T00:19:05Z,N5IC-9,W4VA-10,22(10/10),0,`,N5IC-9,/>,38.368833,-77.453167,8.0,135.0,45.0,146.520,,,Yaesu FTM-350,Custom-0,,
0,1542241148,2018-11-15T00:19:08Z,WC4J-3,WC4J-3,42(21/12),0,;,525,/d,38.753167,-77.573000,,,,,,,APRSISCE win32 version,,,Nokesville Vol FD
0,1542241149,2018-11-15T00:19:09Z,WC4J-3,N3HF-1?,33(16/12),0,;,525,/d,38.753167,-77.573000,,,,,,,APRSISCE win32 version,,,Nokesville Vol FD
0,1542241153,2018-11-15T00:19:13Z,KJ4RPW-3,W4VA-10,22(9/10),0,!,KJ4RPW-3,S#,37.984167,-78.485000,,,,,,,Kantronics KPC-3 rom versions,,,"/W3,VAn,Wn  CHARLOTTESVILLE, VA"
0,1542241156,2018-11-15T00:19:16Z,KJ4RPW-3,WC4J-3?,41(20/12),0,!,KJ4RPW-3,S#,37.984167,-78.485000,,,,,,,Kantronics KPC-3 rom versions,,,"/W3,VAn,Wn  CHARLOTTESVILLE, VA"
0,1542241161,2018-11-15T00:19:21Z,KM4GML-9,W4VA-10,22(9/10),0,`,KM4GML-9,/>,38.847000,-77.137333,33.0,245.0,0.0,147.315,,,Kenwood TM-D710,In Service,,I monitor 147.315 MHz
0,1542241161,2018-11-15T00:19:21Z,KM4GML-9,N3HF-1?,34(16/12),0,`,KM4GML-9,/>,38.847000,-77.137333,33.0,245.0,0.0,147.315,,,Kenwood TM-D710,In Service,,I monitor 147.315 MHz
0,1542241163,2018-11-15T00:19:23Z,KM4GML-9,WC4J-3?,42(22/12),0,`,KM4GML-9,/>,38.847000,-77.137333,33.0,245.0,0.0,147.315,,,Kenwood TM-D710,In Service,,I monitor 147.315 MHz
0,1542241170,2018-11-15T00:19:30Z,N3KTX-4,N3HF-1?,33(16/12),0,!,N3KTX-4,S#,39.656333,-77.969333,,,,,,,Kantronics KPC-3 rom versions,,, W3.MDn   MasonDixon Group
0,1542241171,2018-11-15T00:19:31Z,N3KTX-4,W4VA-10,21(10/9),0,!,N3KTX-4,S#,39.656333,-77.969333,,,,,,,Kantronics KPC-3 rom versions,,, W3.MDn   MasonDixon Group
0,1542241172,2018-11-15T00:19:32Z,WX4C,N3HF-1?,33(16/12),0,',WX4C,/.,38.504333,-78.767333,0.0,,,,,,Kenwood TM-D710,Committed,,www.wx4c.com
0,1542241173,2018-11-15T00:19:33Z,WX4C,W4VA-10,21(10/9),0,',WX4C,/.,38.504333,-78.767333,0.0,,,,,,Kenwood TM-D710,Committed,,www.wx4c.com
0,1542241178,2018-11-15T00:19:38Z,WC4J-3,WC4J-3,42(21/12),0,;,510,/d,38.629167,-77.315167,,,,,,,APRSISCE win32 version,,,Dale City VFD
0,1542241179,2018-11-15T00:19:39Z,WC4J-3,N3HF-1?,35(17/12),0,;,510,/d,38.629167,-77.315167,,,,,,,APRSISCE win32 version,,,Dale City VFD
0,1542241183,2018-11-15T00:19:43Z,W4DOJ-9,W4VA-10,24(11/10),0,`,W4DOJ-9,/>,38.786167,-77.650500,12.0,71.0,97.0,,,,Yaesu FTM-400DR,Off Duty,,
0,1542241197,2018-11-15T00:19:57Z,KS1G-4,N3HF-1?,35(16/13),0,`,KS1G-4,/>,38.869333,-77.262667,15.0,90.0,99.0,145.310,,77.0,Kenwood TM-D710,In Service,,145.31 T77.0
0,1542241198,2018-11-15T00:19:58Z,KS1G-4,W4VA-10,22(13/10),0,`,KS1G-4,/>,38.869333,-77.262667,15.0,90.0,99.0,145.310,,77.0,Kenwood TM-D710,In Service,,145.31 T77.0
0,1542241201,2018-11-15T00:20:01Z,KC3BBT-13,N3HF-1,33(16/12),0,@,KC3BBT-13,/_,38.966000,-77.094000,,,,,,,>40 APRSmax,,,
0,1542241207,2018-11-15T00:20:07Z,KC3BBT-13,W4VA-10,21(9/10),0,@,KC3BBT-13,/_,38.966000,-77.094000,,,,,,,>40 APRSmax,,,
0,1542241209,2018-11-15T00:20:09Z,NN3A-3,W4VA-10,22(10/10),0,!,NN3A-3,/_,39.994000,-79.092167,,,,,,,"Generic, (obsolete. Digis should use APNxxx instead)",,,
0,1542241214,2018-11-15T00:20:14Z,KM4IFK-7,N3HF-1?,33(16/12),0,`,KM4IFK-7,/[,38.962500,-77.321333,0.0,201.0,104.0,,,,Yaesu VX-8,Off Duty,,A
0,1542241217,2018-11-15T00:20:17Z,KM4IFK-7,W4VA-10,22(9/10),0,`,KM4IFK-7,/[,38.962500,-77.321333,0.0,201.0,104.0,,,,Yaesu VX-8,Off Duty,,A
0,1542241226,2018-11-15T00:20:26Z,W4VA-10,W4VA-10,21(9/10),0,:,W4VA-10,/<,,,,,,,,,"DireWolf, WB2OSZ",,,
0,1542241226,2018-11-15T00:20:26Z,W4VA-10,W4VA-10,22(9/10),0,:,W4VA-10,/<,,,,,,,,,"DireWolf, WB2OSZ",,,
0,1542241227,2018-11-15T00:20:27Z,W4VA-10,W4VA-10,22(9/10),0,:,W4VA-10,/<,,,,,,,,,"DireWolf, WB2OSZ",,,
0,1542241228,2018-11-15T00:20:28Z,W4VA-10,N3HF-1?,34(16/12),0,:,W4VA-10,/<,,,,,,,,,"DireWolf, WB2OSZ",,,
0,1542241229,2018-11-15T00:20:29Z,W4VA-10,N3HF-1?,34(16/12),0,:,W4VA-10,/<,,,,,,,,,"DireWolf, WB2OSZ",,,
0,1542241229,2018-11-15T00:20:29Z,W4VA-10,N3HF-1?,33(16/12),0,:,W4VA-10,/<,,,,,,,,,"DireWolf, WB2OSZ",,,
0,1542241237,2018-11-15T00:20:37Z,W4VA-10,W4VA-10,22(9/10),0,T,W4VA-10,/<,,,,,,,,,"DireWolf, WB2OSZ",,"Seq=988, Supply=11.84 Volts, Humidity=24.0 %, Temp=66.2 deg.F, 5GHz_remote=-64 dBm, 5GHz_base=-63 dBm, unused= unused0, unused= unused0, unused= unused0, 5G_link= 5G_Link1, AllStar= AllStar1, APRS= APRS1, unused= unused0, DR1X= DR1X1",
0,1542241238,2018-11-15T00:20:38Z,W4VA-10,N3HF-1?,34(16/12),0,T,W4VA-10,/<,,,,,,,,,"DireWolf, WB2OSZ",,"Seq=988, Supply=11.84 Volts, Humidity=24.0 %, Temp=66.2 deg.F, 5GHz_remote=-64 dBm, 5GHz_base=-63 dBm, unused= unused0, unused= unused0, unused= unused0, 5G_link= 5G_Link1, AllStar= AllStar1, APRS= APRS1, unused= unused0, DR1X= DR1X1",
0,1542241242,2018-11-15T00:20:42Z,W4VA-10,WC4J-3?,42(20/12),0,T,W4VA-10,/<,,,,,,,,,"DireWolf, WB2OSZ",,"Seq=988, Supply=11.84 Volts, Humidity=24.0 %, Temp=66.2 deg.F, 5GHz_remote=-64 dBm, 5GHz_base=-63 dBm, unused= unused0, unused= unused0, unused= unused0, 5G_link= 5G_Link1, AllStar= AllStar1, APRS= APRS1, unused= unused0, DR1X= DR1X1",
0,1542241242,2018-11-15T00:20:42Z,WC4J-3,WC4J-3,43(22/12),0,;,517,/d,38.625833,-77.347500,,,,,,,APRSISCE win32 version,,,Dumfries Triangle VFD
0,1542241255,2018-11-15T00:20:55Z,W4VA-10,W4VA-10,21(9/10),0,<,W4VA-10,/<,,,,,,,,,"DireWolf, WB2OSZ",,,"IGATE,MSG_CNT=0,PKT_CNT=0,DIR_CNT=26,LOC_CNT=79,RF_CNT=105,UPL_CNT=733520,DNL_CNT=270486"
0,1542241259,2018-11-15T00:20:59Z,W4VA-10,WC4J-3?,43(22/13),0,<,W4VA-10,/<,,,,,,,,,"DireWolf, WB2OSZ",,,"IGATE,MSG_CNT=0,PKT_CNT=0,DIR_CNT=26,LOC_CNT=79,RF_CNT=105,UPL_CNT=733520,DNL_CNT=270486"
0,1542241267,2018-11-15T00:21:07Z,KC9ONB-7,W4VA-10,22(9/10),0,`,KC9ONB-7,/>,38.776500,-77.175833,4.0,124.0,80.0,,,,Yaesu VX-8,In Service,,kc9onb@gmail.com
0,1542241269,2018-11-15T00:21:09Z,WC4J-3,WC4J-3,42(22/12),0,;,501,/d,38.752833,-77.469000,,,,,,,APRSISCE win32 version,,,Manassas Vol FD
0,1542241280,2018-11-15T00:21:20Z,K4JTN-14,W4VA-10,21(10/10),0,@,K4JTN-14,/n,37.971333,-76.540500,,,,144.390,,,APRSISCE win32 version,,, K4JTN-2 Lottsburg Va 144.390 Northern Neck APRS Group
0,1542241283,2018-11-15T00:21:23Z,N3HF-1,N3HF-1,33(16/12),0,;,443.450MD,/r,39.040000,-76.992167,,,,443.450,,156.7,,,, N3HF-R
0,1542241285,2018-11-15T00:21:25Z,KC3CNQ,N3HF-1?,37(17/12),0,`,KC3CNQ,/>,39.222127,-77.387702,35.0,282.0,149.0,,,,Byonics TinyTrack3,In Service,"Seq=9, A1=446, A2=597",MT-RTG
0,1542241287,2018-11-15T00:21:27Z,KC3CNQ,WC4J-3?,43(22/13),0,`,KC3CNQ,/>,39.222127,-77.387702,35.0,282.0,149.0,,,,Byonics TinyTrack3,In Service,"Seq=9, A1=446, A2=597",MT-RTG
0,1542241290,2018-11-15T00:21:30Z,W4PWC,W4PWC,25(10/11),0,3,W4PWC,/ ,,,,,,,,,,,,
0,1542241292,2018-11-15T00:21:32Z,KA6AKH-1,N3HF-1?,33(16/12),0,',KA6AKH-1,/>,38.799333,-77.007000,55.0,237.0,60.0,,,,Kenwood TM-D700,En Route,,
0,1542241294,2018-11-15T00:21:34Z,KA6AKH-1,W4VA-10,28(12/12),0,',KA6AKH-1,/>,38.799333,-77.007000,55.0,237.0,60.0,,,,Kenwood TM-D700,En Route,,
0,1542241298,2018-11-15T00:21:38Z,WC4J-3,WC4J-3,42(22/12),0,;,505,/d,38.700333,-77.577167,,,,,,,APRSISCE win32 version,,,Nokesville Vol FD
0,1542241299,2018-11-15T00:21:39Z,WC4J-3,N3HF-1?,35(16/12),0,;,505,/d,38.700333,-77.577167,,,,,,,APRSISCE win32 version,,,Nokesville Vol FD
0,1542241303,2018-11-15T00:21:43Z,KA6AKH-1,N3HF-1?,33(16/12),0,',KA6AKH-1,/>,38.799333,-77.007000,55.0,237.0,60.0,,,,Kenwood TM-D700,En Route,,
0,1542241319,2018-11-15T00:21:59Z,K4DPF-2,N3HF-1?,33(16/12),0,_,K4DPF-2,/U,,,,,,,,,Byons WXTrac,,,
0,1542241324,2018-11-15T00:22:04Z,K4DPF-2,N3HF-1?,33(16/12),0,!,K4DPF-2,/W,39.030667,-77.595500,,,,,,,Byons WXTrac,,,
0,1542241326,2018-11-15T00:22:06Z,K4DPF-2,W4VA-10,25(10/10),0,!,K4DPF-2,/W,39.030667,-77.595500,,,,,,,Byons WXTrac,,,
0,1542241327,2018-11-15T00:22:07Z,W4VA-10,W4VA-10,22(10/10),0,!,W4VA-10,R&,38.734000,-77.836000,,,,,,,"DireWolf, WB2OSZ",,,"Viewtree Mtn, Warrenton, VA FM18br"
0,1542241329,2018-11-15T00:22:09Z,WC4J-3,WC4J-3,43(22/12),0,;,518,/d,38.666000,-77.381833,,,,,,,APRSISCE win32 version,,,Dale City VFD
0,1542241329,2018-11-15T00:22:09Z,WC4J-3,N3HF-1?,34(17/12),0,;,518,/d,38.666000,-77.381833,,,,,,,APRSISCE win32 version,,,Dale City VFD
0,1542241358,2018-11-15T00:22:38Z,WC4J-3,WC4J-3,42(22/13),0,;,520,/d,38.647667,-77.306333,,,,,,,APRSISCE win32 version,,,Dale City FD
0,1542241359,2018-11-15T00:22:39Z,WC4J-3,N3HF-1?,35(17/13),0,;,520,/d,38.647667,-77.306333,,,,,,,APRSISCE win32 version,,,Dale City FD
0,1542241377,2018-11-15T00:22:57Z,AE4ML-1,W4VA-10,22(9/10),0,;,442.850VA,/r,38.300833,-77.456833,,,,442.850,,107.2,Kantronics KPC-3 rom versions,,, lnkd 146.775/224.900
0,1542241386,2018-11-15T00:23:06Z,N3TOS,N3HF-1?,33(16/12),0,=,N3TOS,/-,39.198833,-76.971500,,,,,,,Xastir,,,"Xastir Linux; Paul in Highland, MD"
0,1542241388,2018-11-15T00:23:08Z,N3TOS,W4VA-10,22(9/10),0,=,N3TOS,/-,39.198833,-76.971500,,,,,,,Xastir,,,"Xastir Linux; Paul in Highland, MD"
0,1542241389,2018-11-15T00:23:09Z,N3TOS,WC4J-3?,43(20/13),0,=,N3TOS,/-,39.198833,-76.971500,,,,,,,Xastir,,,"Xastir Linux; Paul in Highland, MD"
0,1542241390,2018-11-15T00:23:10Z,WC4J-3,WC4J-3,44(22/12),0,;,502,/d,38.663333,-77.255667,,,,,,,APRSISCE win32 version,,,OWL VFD
0,1542241396,2018-11-15T00:23:16Z,NV4FM-5,W4VA-10,22(10/10),0,!,NV4FM-5,S#,38.906500,-77.215667,,,,,,,Kantronics KPC-3 rom versions,,,/W2VA3 NVFMA Tysons digi
0,1542241397,2018-11-15T00:23:17Z,NV4FM-5,N3HF-1?,33(16/12),0,!,NV4FM-5,S#,38.906500,-77.215667,,,,,,,Kantronics KPC-3 rom versions,,,/W2VA3 NVFMA Tysons digi
0,1542241400,2018-11-15T00:23:20Z,NV4FM-5,WC4J-3?,42(22/12),0,!,NV4FM-5,S#,38.906500,-77.215667,,,,,,,Kantronics KPC-3 rom versions,,,/W2VA3 NVFMA Tysons digi
0,1542241402,2018-11-15T00:23:22Z,K8GIS,W4VA-10,21(9/10),0,=,K8GIS,/#,39.141333,-77.693667,,,,,,,Xastir,,,Purcellville Digipeater
0,1542241420,2018-11-15T00:23:40Z,W3SMD-1,N3HF-1?,34(16/12),0,!,W3SMD-1,S#,38.494333,-76.700000,,,,,,,Kantronics KPC-3 rom versions,,," W3, MD3-3, Hidden River RD"
0,1542241424,2018-11-15T00:23:44Z,W3SMD-1,W4VA-10,21(10/9),0,!,W3SMD-1,S#,38.494333,-76.700000,,,,,,,Kantronics KPC-3 rom versions,,," W3, MD3-3, Hidden River RD"
0,1542241426,2018-11-15T00:23:46Z,W3SMD-1,WC4J-3?,42(21/12),0,!,W3SMD-1,S#,38.494333,-76.700000,,,,,,,Kantronics KPC-3 rom versions,,," W3, MD3-3, Hidden River RD"
0,1542241441,2018-11-15T00:24:01Z,W4ABN-3,W4VA-10,22(10/10),0,`,W4ABN-3,/k,38.936397,-77.545333,0.0,294.0,102.0,,,,Byonics TinyTrack3,In Service,"Seq=624, A1=409, A2=578",
0,1542241448,2018-11-15T00:24:08Z,WC4J-3,WC4J-3,44(22/13),0,;,526,/d,38.684667,-77.360000,,,,,,,APRSISCE win32 version,,,PWC FD Station 26
0,1542241468,2018-11-15T00:24:28Z,W4FMD-3,N3HF-1?,37(17/13),0,=,W4FMD-3,/-,38.850167,-77.305000,,,,,,,SV2AGW's AGWtracker,,,QRV
0,1542241469,2018-11-15T00:24:29Z,W4FMD-3,N3HF-1?,36(17/13),0,>,W4FMD-3,/f,,,,,,,,,SV2AGW's AGWtracker,,,"Fairfax City, VA"
0,1542241469,2018-11-15T00:24:29Z,W4FMD-3,W4VA-10,21(12/10),0,=,W4FMD-3,/-,38.850167,-77.305000,,,,,,,SV2AGW's AGWtracker,,,QRV
0,1542241470,2018-11-15T00:24:30Z,W4FMD-3,W4VA-10,21(10/10),0,>,W4FMD-3,/f,,,,,,,,,SV2AGW's AGWtracker,,,"Fairfax City, VA"
0,1542241486,2018-11-15T00:24:46Z,N3HF-1,N3HF-1,34(16/12),0,;,IRLP-4712,I0,39.040000,-76.992167,,,,443.450,,156.7,,,, N3HF-R
0,1542241503,2018-11-15T00:25:03Z,NN3A-3,N3HF-1?,34(16/12),0,!,NN3A-3,/_,39.994000,-79.092167,,,,,,,"Generic, (obsolete. Digis should use APNxxx instead)",,,
0,1542241505,2018-11-15T00:25:05Z,NN3A-3,W4VA-10,22(9/10),0,!,NN3A-3,/_,39.994000,-79.092167,,,,,,,"Generic, (obsolete. Digis should use APNxxx instead)",,,
0,1542241508,2018-11-15T00:25:08Z,WC4J-3,WC4J-3,42(21/12),0,;,Sentara,/h,38.636333,-77.286500,,,,,,,APRSISCE win32 version,,,Sentara NVA Medical Center
0,1542241518,2018-11-15T00:25:18Z,WB3ANQ-8,W4VA-10,24(10/10),0,`,WB3ANQ-8,\K,39.122500,-76.538167,5.0,212.0,145.0,,,,Kenwood TM-D710,In Service,,
0,1542241523,2018-11-15T00:25:23Z,W4DOJ-9,N3HF-1?,35(17/12),0,`,W4DOJ-9,/>,38.787000,-77.613000,2.0,59.0,101.0,,,,Yaesu FTM-400DR,Off Duty,,
0,1542241526,2018-11-15T00:25:26Z,W4DOJ-9,WC4J-3?,43(22/12),0,`,W4DOJ-9,/>,38.787000,-77.613000,2.0,59.0,101.0,,,,Yaesu FTM-400DR,Off Duty,,
0,1542241526,2018-11-15T00:25:26Z,W4DOJ-9,N3HF-1?,34(17/12),0,`,W4DOJ-9,/>,38.787000,-77.613000,2.0,59.0,101.0,,,,Yaesu FTM-400DR,Off Duty,,
0,1542241538,2018-11-15T00:25:38Z,WC4J-3,WC4J-3,42(21/12),0,;,506,/d,38.656167,-77.442167,,,,,,,APRSISCE win32 version,,,Coles VFD
0,1542241539,2018-11-15T00:25:39Z,WC4J-3,N3HF-1?,34(16/12),0,;,506,/d,38.656167,-77.442167,,,,,,,APRSISCE win32 version,,,Coles VFD
0,1542241543,2018-11-15T00:25:43Z,WC4J-3,W4VA-10,22(10/10),0,;,506,/d,38.656167,-77.442167,,,,,,,APRSISCE win32 version,,,Coles VFD
0,1542241544,2018-11-15T00:25:44Z,WR4CV-4,W4VA-10,21(10/10),0,!,WR4CV-4,/#,37.795667,-79.180167,,,,,,,Open Track,,,!3747.74N/07910.81W#APRS+ QRT2018/06/06 Rocky Mtn@4150ft ASL
0,1542241547,2018-11-15T00:25:47Z,WR4CV-4,WC4J-3?,43(22/13),0,!,WR4CV-4,/#,37.795667,-79.180167,,,,,,,Open Track,,,!3747.74N/07910.81W#APRS+ QRT2018/06/06 Rocky Mtn@4150ft ASL
0,1542241561,2018-11-15T00:26:01Z,W4ABN-3,W4VA-10,21(10/9),0,`,W4ABN-3,/k,38.936399,-77.545341,0.0,294.0,102.0,,,,Byonics TinyTrack3,In Service,"Seq=625, A1=409, A2=578",Daniel - RTG
0,1542241568,2018-11-15T00:26:08Z,WC4J-3,WC4J-3,42(21/12),0,;,Heathcote,/h,38.820667,-77.641833,,,,,,,APRSISCE win32 version,,,Heathcote Hospital
0,1542241569,2018-11-15T00:26:09Z,WC4J-3,N3HF-1?,35(17/12),0,;,Heathcote,/h,38.820667,-77.641833,,,,,,,APRSISCE win32 version,,,Heathcote Hospital
0,1542241587,2018-11-15T00:26:27Z,NU3S-7,W4VA-10,24(10/10),0,',NU3S-7,/_,40.379167,-80.080000,0.0,,,,,,Kenwood TM-D710,In Service,,
0,1542241598,2018-11-15T00:26:38Z,WC4J-3,WC4J-3,43(22/12),0,;,509,/d,38.770833,-77.446333,,,,,,,APRSISCE win32 version,,,Manassas Park FD
0,1542241608,2018-11-15T00:26:48Z,N3HF-1,N3HF-1,36(17/13),0,;,EL-84345,E0,39.040000,-76.992167,,,,443.450,,156.7,Kantronics KPC-3 rom versions,,, N3HF-R
0,1542241609,2018-11-15T00:26:49Z,KM4GML-9,W4VA-10,22(10/10),0,`,KM4GML-9,/>,38.820500,-77.155833,15.0,180.0,78.0,147.315,,,Kenwood TM-D710,In Service,,I monitor 147.315 MHz
0,1542241615,2018-11-15T00:26:55Z,K3ARL-6,W4VA-10,22(9/10),0,!,K3ARL-6,S#,40.198667,-78.683333,,,,,,,Kantronics KPC-3 rom versions,,,"6W3, WPA-N K3ARL Ogletown Digipeater"
0,1542241622,2018-11-15T00:27:02Z,N3LJS-2,W4VA-10,21(9/9),0,!,N3LJS-2,L#,39.620833,-78.620333,,,,,,,Kantronics KPC-3 rom versions,,,"/R,MDn,Wn ALLEGANY CO.,MD RACES DIGI"
0,1542241628,2018-11-15T00:27:08Z,K4EME-3,N3HF-1?,34(16/12),0,!,K4EME-3,/#,38.165333,-79.314167,,,,,,,,,,"/WIDE-RELAY digi on Elliott Knob,VA A=4440"
0,1542241629,2018-11-15T00:27:09Z,WC4J-3,WC4J-3,42(21/12),0,;,504,/d,38.804000,-77.618833,,,,,,,APRSISCE win32 version,,,Gainsville VFD
0,1542241630,2018-11-15T00:27:10Z,WC4J-3,N3HF-1?,36(17/12),0,;,504,/d,38.804000,-77.618833,,,,,,,APRSISCE win32 version,,,Gainsville VFD
0,1542241634,2018-11-15T00:27:14Z,KD5OLE,N3HF-1?,33(16/12),0,`,KD5OLE,/j,39.822000,-77.270333,34.0,251.0,160.0,,,,Kenwood TM-D700,Off Duty,,
0,1542241635,2018-11-15T00:27:15Z,KD5OLE,W4VA-10,24(10/9),0,`,KD5OLE,/j,39.822000,-77.270333,34.0,251.0,160.0,,,,Kenwood TM-D700,Off Duty,,
0,1542241658,2018-11-15T00:27:38Z,WC4J-3,WC4J-3,43(22/12),0,;,511,/d,38.786833,-77.508000,,,,,,,APRSISCE win32 version,,,Stonewall Jackson FD
0,1542241659,2018-11-15T00:27:39Z,WC4J-3,N3HF-1?,37(17/13),0,;,511,/d,38.786833,-77.508000,,,,,,,APRSISCE win32 version,,,Stonewall Jackson FD
0,1542241668,2018-11-15T00:27:48Z,K3HKI-1,W4VA-10,21(10/9),0,!,K3HKI-1,S#,38.396500,-76.631333,,,,,,,Kantronics KPC-3 rom versions,,, W3 MD3-3 SMCARA APRS Digi
0,1542241673,2018-11-15T00:27:53Z,K3HKI-1,WC4J-3?,44(22/14),0,!,K3HKI-1,S#,38.396500,-76.631333,,,,,,,Kantronics KPC-3 rom versions,,, W3 MD3-3 SMCARA APRS Digi
0,1542241679,2018-11-15T00:27:59Z,W4ABN-3,N3HF-1?,34(16/12),0,`,W4ABN-3,/k,38.936399,-77.545344,0.0,294.0,102.0,,,,Byonics TinyTrack3,In Service,"Seq=626, A1=409, A2=578",
0,1542241680,2018-11-15T00:28:00Z,W4ABN-3,W4VA-10,23(11/10),0,`,W4ABN-3,/k,38.936399,-77.545344,0.0,294.0,102.0,,,,Byonics TinyTrack3,In Service,"Seq=626, A1=409, A2=578",
0,1542241688,2018-11-15T00:28:08Z,WC4J-3,WC4J-3,41(21/13),0,;,503F,/d,38.553500,-77.332500,,,,,,,APRSISCE win32 version,,,Dumfries Triangle VFD
0,1542241691,2018-11-15T00:28:11Z,WC4J-3,W4VA-10,21(9/9),0,;,503F,/d,38.553500,-77.332500,,,,,,,APRSISCE win32 version,,,Dumfries Triangle VFD
0,1542241704,2018-11-15T00:28:24Z,KM4GML-9,W4VA-10,22(10/10),0,`,KM4GML-9,/>,38.810667,-77.157833,17.0,121.0,79.0,147.315,,,Kenwood TM-D710,In Service,,I monitor 147.315 MHz
0,1542241718,2018-11-15T00:28:38Z,WC4J-3,WC4J-3,42(22/12),0,;,512,/d,38.635833,-77.276167,,,,,,,APRSISCE win32 version,,,OWL VFD
0,1542241719,2018-11-15T00:28:39Z,WC4J-3,N3HF-1?,36(17/13),0,;,512,/d,38.635833,-77.276167,,,,,,,APRSISCE win32 version,,,OWL VFD
0,1542241723,2018-11-15T00:28:43Z,N3HF-1,W4VA-10,22(12/10),0,!,N3HF-1,S#,38.684500,-77.418333,,,,,,,Kantronics KPC-3 rom versions,,,"/W3,VAn,Independent Hill VA /A=00354"
0,1542241725,2018-11-15T00:28:45Z,N3HF-1,WC4J-3,42(20/13),0,!,N3HF-1,S#,38.684500,-77.418333,,,,,,,Kantronics KPC-3 rom versions,,,"/W3,VAn,Independent Hill VA /A=00354"
0,1542241730,2018-11-15T00:28:50Z,KM4GML-9,N3HF-1?,34(16/12),0,`,KM4GML-9,/>,38.809833,-77.157833,6.0,219.0,83.0,147.315,,,Kenwood TM-D710,In Service,,I monitor 147.315 MHz
0,1542241732,2018-11-15T00:28:52Z,KM4GML-9,W4VA-10,21(10/9),0,`,KM4GML-9,/>,38.809833,-77.157833,6.0,219.0,83.0,147.315,,,Kenwood TM-D710,In Service,,I monitor 147.315 MHz
0,1542241748,2018-11-15T00:29:08Z,WC4J-3,WC4J-3,44(22/12),0,;,514,/d,38.688000,-77.313833,,,,,,,APRSISCE win32 version,,,OWL VFD
0,1542241764,2018-11-15T00:29:24Z,K7SOB-13,N3HF-1?,35(17/12),0,T,K7SOB-13,/R,,,,,,,,,Open Track,,"Seq=0, A1=138, A2=0, A3=0, A4=0, A5=0, D1=0, D2=0, D3=0, D4=0, D5=0, D6=0, D7=0, D8=0",
0,1542241770,2018-11-15T00:29:30Z,K7SOB-13,N3HF-1,34(17/12),0,!,K7SOB-13,/#,39.315000,-79.132000,,,,,,,Open Track,,," 13.8V 59F 50W, Elevation 2982 ft, HAAT 1250 ft, 3dB Omni"
0,1542241775,2018-11-15T00:29:35Z,WX4C,N3HF-1?,33(16/12),0,',WX4C,/.,38.504333,-78.767333,0.0,,,,,,Kenwood TM-D710,Committed,,www.wx4c.com
0,1542241778,2018-11-15T00:29:38Z,WC4J-3,WC4J-3,43(21/13),0,;,516,/d,38.731333,-77.418500,,,,,,,APRSISCE win32 version,,,Buckhall VFD
0,1542241800,2018-11-15T00:30:00Z,W4ABN-3,WC4J-3?,42(22/12),0,`,W4ABN-3,/k,38.936397,-77.545344,0.0,294.0,102.0,,,,Byonics TinyTrack3,In Service,"Seq=627, A1=409, A2=578",
0,1542241808,2018-11-15T00:30:08Z,WC4J-3,WC4J-3,43(22/12),0,;,503R,/d,38.558000,-77.325500,,,,,,,APRSISCE win32 version,,,Dumfries Triangle VFD
0,1542241817,2018-11-15T00:30:17Z,KM4IFK-7,N3HF-1?,34(16/12),0,`,KM4IFK-7,/[,38.962500,-77.321333,0.0,201.0,104.0,,,,Yaesu VX-8,Off Duty,,A
0,1542241819,2018-11-15T00:30:19Z,KM4IFK-7,WC4J-3?,41(21/12),0,`,KM4IFK-7,/[,38.962500,-77.321333,0.0,201.0,104.0,,,,Yaesu VX-8,Off Duty,,A
0,1542241834,2018-11-15T00:30:34Z,WC4J,N3HF-1?,33(16/12),0,;,CO 1,/d,38.922500,-78.190667,,,,,,,APRSISCE win32 version,,,Front Royal VFD CO 1
0,1542241838,2018-11-15T00:30:38Z,WC4J-3,WC4J-3,42(21/13),0,;,513,/d,38.656667,-77.341667,,,,,,,APRSISCE win32 version,,,Dale City VFD
0,1542241839,2018-11-15T00:30:39Z,WC4J-3,N3HF-1?,36(17/12),0,;,513,/d,38.656667,-77.341667,,,,,,,APRSISCE win32 version,,,Dale City VFD
0,1542241842,2018-11-15T00:30:42Z,W4VA-10,W4VA-10,21(10/10),0,:,W4VA-10,/<,,,,,,,,,"DireWolf, WB2OSZ",,,
0,1542241845,2018-11-15T00:30:45Z,W4VA-10,WC4J-3?,46(22/13),0,:,W4VA-10,/<,,,,,,,,,"DireWolf, WB2OSZ",,,
0,1542241852,2018-11-15T00:30:52Z,W4VA-10,W4VA-10,21(10/10),0,<,W4VA-10,/<,,,,,,,,,"DireWolf, WB2OSZ",,,"IGATE,MSG_CNT=0,PKT_CNT=0,DIR_CNT=26,LOC_CNT=80,RF_CNT=108,UPL_CNT=733737,DNL_CNT=270555"
0,1542241853,2018-11-15T00:30:53Z,W4VA-10,N3HF-1?,34(16/12),0,<,W4VA-10,/<,,,,,,,,,"DireWolf, WB2OSZ",,,"IGATE,MSG_CNT=0,PKT_CNT=0,DIR_CNT=26,LOC_CNT=80,RF_CNT=108,UPL_CNT=733737,DNL_CNT=270555"
0,1542241864,2018-11-15T00:31:04Z,W4IY,N3HF-1,34(16/12),0,!,W4IY,/&,38.650500,-77.275167,,,,,,,APRS4R software interface,,,APRS4R    Woodbridge  VA
0,1542241868,2018-11-15T00:31:08Z,WC4J-3,WC4J-3,42(22/12),0,;,PW HOSP,/h,38.767167,-77.487167,,,,,,,APRSISCE win32 version,,,PWC NOVANT HOSPITAL
0,1542241869,2018-11-15T00:31:09Z,WC4J-3,N3HF-1?,35(17/12),0,;,PW HOSP,/h,38.767167,-77.487167,,,,,,,APRSISCE win32 version,,,PWC NOVANT HOSPITAL
0,1542241870,2018-11-15T00:31:10Z,WC4J-3,W4VA-10,22(13/10),0,;,PW HOSP,/h,38.767167,-77.487167,,,,,,,APRSISCE win32 version,,,PWC NOVANT HOSPITAL
0,1542241875,2018-11-15T00:31:15Z,N3GXH-9,W4VA-10,22(13/10),0,!,N3GXH-9,/j,39.388000,-76.736333,5.0,44.0,172.2,,,,Open Track,,,"OT3M, Nuvi350"
0,1542241883,2018-11-15T00:31:23Z,N3HF-1,N3HF-1,33(16/12),0,;,443.450MD,/r,39.040000,-76.992167,,,,443.450,,156.7,,,, N3HF-R
0,1542241898,2018-11-15T00:31:38Z,N4CV-15,N3HF-1,33(16/12),0,/,N4CV-15,/k,38.999833,-77.402500,0.0,292.0,125.0,,,,Tiny Track III,,,/Ben's TT3
0,1542241902,2018-11-15T00:31:42Z,N4CV-15,WC4J-3?,42(22/12),0,/,N4CV-15,/k,38.999833,-77.402500,0.0,292.0,125.0,,,,Tiny Track III,,,/Ben's TT3
0,1542241917,2018-11-15T00:31:57Z,NU3S-7,W4VA-10,21(9/10),0,=,NU3S-7,/_,40.379167,-80.080000,,,,,,,Kenwood D710,,,
0,1542241924,2018-11-15T00:32:04Z,N3KTX-1,N3HF-1?,47(23/16),0,!,N3KTX-1,S#,39.285500,-76.739333,,,,,,,Kantronics KPC-3 rom versions,,, W2.MDn   MasonDixon Group
0,1542241927,2018-11-15T00:32:07Z,N3KTX-1,W4VA-10,36(15/16),1,!,N3KTX-1,S#,39.285500,-76.739333,,,,,,,Kantronics KPC-3 rom versions,,, W2.MDn   MasonDixon Group
0,1542241928,2018-11-15T00:32:08Z,WC4J-3,WC4J-3,59(29/18),0,;,515,/d,38.880667,-77.634000,,,,,,,APRSISCE win32 version,,,Evergreen FD
0,1542241933,2018-11-15T00:32:13Z,K4DPF-2,N3HF-1?,47(22/17),0,_,K4DPF-2,/U,,,,,,,,,Byons WXTrac,,,
0,1542241934,2018-11-15T00:32:14Z,K4DPF-2,W4VA-10,30(14/13),0,_,K4DPF-2,/U,,,,,,,,,Byons WXTrac,,,
0,1542241953,2018-11-15T00:32:33Z,K4BBB-1,N3HF-1?,47(23/16),0,=,K4BBB-1,/x,38.893000,-77.205500,,,142.3,,,,Xastir,,,/Testing6M1WayiGate|X
0,1542241958,2018-11-15T00:32:38Z,WC4J-3,WC4J-3,59(31/17),0,;,521,/d,38.751167,-77.480167,,,,,,,APRSISCE win32 version,,,Manassas Rescue SQD
0,1542241976,2018-11-15T00:32:56Z,AE4ML-1,W4VA-10,30(13/14),0,;,147.015va,/r,38.275167,-77.543333,,,,147.015,,79.7,Kantronics KPC-3 rom versions,,,                   
0,1542241983,2018-11-15T00:33:03Z,W4VA-10,W4VA-10,30(14/14),0,!,W4VA-10,R&,38.734000,-77.836000,,,,,,,"DireWolf, WB2OSZ",,,"Viewtree Mtn, Warrenton, VA FM18br"
0,1542241988,2018-11-15T00:33:08Z,WC4J-3,WC4J-3,61(29/18),0,;,523,/d,38.586500,-77.304833,,,,,,,APRSISCE win32 version,,,Dumfries Triangle VFD
0,1542242002,2018-11-15T00:33:22Z,KC3CNQ,N3HF-1?,48(23/17),0,`,KC3CNQ,/>,39.274006,-77.501868,41.0,290.0,96.0,,,,Byonics TinyTrack3,In Service,"Seq=15, A1=450, A2=601",
0,1542242003,2018-11-15T00:33:23Z,KC3CNQ,W4VA-10,30(17/13),0,`,KC3CNQ,/>,39.274006,-77.501868,41.0,290.0,96.0,,,,Byonics TinyTrack3,In Service,"Seq=15, A1=450, A2=601",
0,1542242004,2018-11-15T00:33:24Z,KC3CNQ,WC4J-3?,58(30/17),0,`,KC3CNQ,/>,39.274006,-77.501868,41.0,290.0,96.0,,,,Byonics TinyTrack3,In Service,"Seq=15, A1=450, A2=601",
0,1542242018,2018-11-15T00:33:38Z,WC4J-3,WC4J-3,60(31/17),0,;,508,/d,38.794333,-77.449667,,,,,,,APRSISCE win32 version,,,Yorkshire VFD
0,1542242027,2018-11-15T00:33:47Z,N3JFS-1,N3HF-1?,47(23/17),0,@,N3JFS-1,/_,39.557500,-75.760333,,,,,,,UIview 32 bit apps,,,
0,1542242029,2018-11-15T00:33:49Z,N3JFS-1,W4VA-10,31(14/14),0,@,N3JFS-1,/_,39.557500,-75.760333,,,,,,,UIview 32 bit apps,,,
0,1542242037,2018-11-15T00:33:57Z,W4ABN-3,N3HF-1?,48(23/17),0,`,W4ABN-3,/k,38.936397,-77.545343,0.0,294.0,103.0,,,,Byonics TinyTrack3,In Service,"Seq=629, A1=409, A2=578",Daniel - RTG
0,1542242039,2018-11-15T00:33:59Z,W4ABN-3,W4VA-10,31(14/14),0,`,W4ABN-3,/k,38.936397,-77.545343,0.0,294.0,103.0,,,,Byonics TinyTrack3,In Service,"Seq=629, A1=409, A2=578",Daniel - RTG
0,1542242048,2018-11-15T00:34:08Z,WC4J-3,WC4J-3,58(29/17),0,;,524,/d,38.831000,-77.663833,,,,,,,APRSISCE win32 version,,,PWC Station 25
0,1542242054,2018-11-15T00:34:14Z,WB3ANQ-8,W4VA-10,33(14/14),0,`,WB3ANQ-8,\K,39.122333,-76.537833,4.0,72.0,14.0,,,,Kenwood TM-D710,In Service,,
0,1542242096,2018-11-15T00:34:56Z,KB3CJJ-1,N3HF-1?,51(24/18),0,!,KB3CJJ-1,S#,39.321333,-77.260000,,,,,,,Kantronics KPC-3 rom versions,,, Digi in Ijamsville
0,1542242097,2018-11-15T00:34:57Z,KB3CJJ-1,W4VA-10,31(15/13),0,!,KB3CJJ-1,S#,39.321333,-77.260000,,,,,,,Kantronics KPC-3 rom versions,,, Digi in Ijamsville
0,1542242102,2018-11-15T00:35:02Z,KV3B-1,N3HF-1,50(24/17),0,!,KV3B-1,S#,39.186500,-77.246000,,,,,,,Kantronics KPC-3 rom versions,,, W2.MDn-N MARC Digi Germantown
0,1542242106,2018-11-15T00:35:06Z,KV3B-1,WC4J-3,59(30/17),0,!,KV3B-1,S#,39.186500,-77.246000,,,,,,,Kantronics KPC-3 rom versions,,, W2.MDn-N MARC Digi Germantown
0,1542242107,2018-11-15T00:35:07Z,KV3B-1,N3HF-1?,48(23/17),0,!,KV3B-1,S#,39.186500,-77.246000,,,,,,,Kantronics KPC-3 rom versions,,, W2.MDn-N MARC Digi Germantown
0,1542242109,2018-11-15T00:35:09Z,WC4J-3,WC4J-3,61(30/18),0,;,525,/d,38.753167,-77.573000,,,,,,,APRSISCE win32 version,,,Nokesville Vol FD
0,1542242118,2018-11-15T00:35:18Z,KM4IFK-7,N3HF-1?,47(23/17),0,`,KM4IFK-7,/[,38.962500,-77.321333,0.0,201.0,104.0,,,,Yaesu VX-8,Off Duty,,A
0,1542242121,2018-11-15T00:35:21Z,KM4IFK-7,W4VA-10,30(13/14),0,`,KM4IFK-7,/[,38.962500,-77.321333,0.0,201.0,104.0,,,,Yaesu VX-8,Off Duty,,A
0,1542242138,2018-11-15T00:35:38Z,WC4J-3,WC4J-3,60(29/17),0,;,505,/d,38.700333,-77.577167,,,,,,,APRSISCE win32 version,,,Nokesville Vol FD
0,1542242139,2018-11-15T00:35:39Z,WC4J-3,N3HF-1?,47(23/17),0,;,505,/d,38.700333,-77.577167,,,,,,,APRSISCE win32 version,,,Nokesville Vol FD
0,1542242145,2018-11-15T00:35:45Z,KM4KAW-9,W4VA-10,36(15/16),0,:,KM4KAW-9,/>,,,,,,,,,"Generic, (obsolete. Digis should use APNxxx instead)",,,SitRep: 10.14728 38.18f
0,1542242153,2018-11-15T00:35:53Z,WR4CV-4,W4VA-10,30(14/13),0,!,WR4CV-4,/#,37.795667,-79.180167,,,,,,,Open Track,,,!3747.74N/07910.81W#APRS+ QRT2018/06/06 Rocky Mtn@4150ft ASL
0,1542242156,2018-11-15T00:35:56Z,WR4CV-4,WC4J-3?,61(30/17),0,!,WR4CV-4,/#,37.795667,-79.180167,,,,,,,Open Track,,,!3747.74N/07910.81W#APRS+ QRT2018/06/06 Rocky Mtn@4150ft ASL
0,1542242169,2018-11-15T00:36:09Z,WC4J-3,WC4J-3,60(30/18),0,;,501,/d,38.752833,-77.469000,,,,,,,APRSISCE win32 version,,,Manassas Vol FD
0,1542242181,2018-11-15T00:36:21Z,K4JTN-14,W4VA-10,38(18/17),0,@,K4JTN-14,/n,37.971333,-76.540500,,,,144.390,,,APRSISCE win32 version,,, K4JTN-2 Lottsburg Va 144.390 Northern Neck APRS Group
0,1542242187,2018-11-15T00:36:27Z,NU3S-7,W4VA-10,31(18/13),0,',NU3S-7,/_,40.379167,-80.080000,0.0,,,,,,Kenwood TM-D710,In Service,,
0,1542242194,2018-11-15T00:36:34Z,WC4J,N3HF-1?,49(23/18),0,;,CO 10,/d,38.979000,-78.183333,,,,,,,APRSISCE win32 version,,,NORTH WARREN VFD CO 10
0,1542242196,2018-11-15T00:36:36Z,WC4J,WC4J-3?,59(30/17),0,;,CO 10,/d,38.979000,-78.183333,,,,,,,APRSISCE win32 version,,,NORTH WARREN VFD CO 10
0,1542242199,2018-11-15T00:36:39Z,WC4J-3,WC4J-3,61(31/17),0,;,517,/d,38.625833,-77.347500,,,,,,,APRSISCE win32 version,,,Dumfries Triangle VFD
0,1542242208,2018-11-15T00:36:48Z,N3JFS-1,N3HF-1?,47(23/17),0,@,N3JFS-1,/_,39.557500,-75.760333,,,,,,,UIview 32 bit apps,,,
0,1542242208,2018-11-15T00:36:48Z,N3HF-1,N3HF-1,47(23/17),0,;,EL-84345,E0,39.040000,-76.992167,,,,443.450,,156.7,Kantronics KPC-3 rom versions,,, N3HF-R
0,1542242210,2018-11-15T00:36:50Z,N3JFS-1,W4VA-10,30(13/14),0,@,N3JFS-1,/_,39.557500,-75.760333,,,,,,,UIview 32 bit apps,,,
0,1542242229,2018-11-15T00:37:09Z,WC4J-3,WC4J-3,59(29/17),0,;,518,/d,38.666000,-77.381833,,,,,,,APRSISCE win32 version,,,Dale City VFD
0,1542242231,2018-11-15T00:37:11Z,WC4J-3,W4VA-10,29(13/13),0,;,518,/d,38.666000,-77.381833,,,,,,,APRSISCE win32 version,,,Dale City VFD
0,1542242234,2018-11-15T00:37:14Z,K4DPF-2,N3HF-1?,46(22/16),0,_,K4DPF-2,/U,,,,,,,,,Byons WXTrac,,,
0,1542242237,2018-11-15T00:37:17Z,K4DPF-2,N3HF-1?,48(23/17),0,!,K4DPF-2,/W,39.030667,-77.595500,,,,,,,Byons WXTrac,,,
0,1542242238,2018-11-15T00:37:18Z,K4DPF-2,W4VA-10,29(14/13),0,!,K4DPF-2,/W,39.030667,-77.595500,,,,,,,Byons WXTrac,,,
0,1542242241,2018-11-15T00:37:21Z,W4PWC,N3HF-1?,48(23/17),0,!,W4PWC,S#,38.567333,-77.657667,,,,,,,Kantronics KPC-9612 Roms,,, W2 VAN-N CATLETT VA
0,1542242244,2018-11-15T00:37:24Z,W4PWC,WC4J-3?,60(29/17),0,!,W4PWC,S#,38.567333,-77.657667,,,,,,,Kantronics KPC-9612 Roms,,, W2 VAN-N CATLETT VA
0,1542242247,2018-11-15T00:37:27Z,KA3CUQ,W4VA-10,30(13/14),0,T,KA3CUQ,/ ,,,,,,,,,APRSISCE win32 version,,"Seq=468, A1=100, A2=48, A3=2, A4=500, A5=0, D1=1, D2=0, D3=0, D4=0, D5=0, D6=0, D7=0, D8=0",
0,1542242253,2018-11-15T00:37:33Z,WC4J-3,WC4J-3,59(29/18),0,@,WC4J-3,/#,38.792333,-77.526333,,,,144.390,,,APRSISCE win32 version,,,144.39 APRS
0,1542242254,2018-11-15T00:37:34Z,WC4J-3,N3HF-1?,46(23/17),0,@,WC4J-3,/#,38.792333,-77.526333,,,,144.390,,,APRSISCE win32 version,,,144.39 APRS
0,1542242260,2018-11-15T00:37:40Z,WC4J-3,WC4J-3,61(31/17),0,;,520,/d,38.647667,-77.306333,,,,,,,APRSISCE win32 version,,,Dale City FD
0,1542242261,2018-11-15T00:37:41Z,WC4J-3,N3HF-1?,49(23/18),0,;,520,/d,38.647667,-77.306333,,,,,,,APRSISCE win32 version,,,Dale City FD
0,1542242266,2018-11-15T00:37:46Z,K3HKI-1,W4VA-10,29(13/14),0,!,K3HKI-1,S#,38.396500,-76.631333,,,,,,,Kantronics KPC-3 rom versions,,, W3 MD3-3 SMCARA APRS Digi
0,1542242267,2018-11-15T00:37:47Z,K3HKI-1,N3HF-1?,48(23/17),0,!,K3HKI-1,S#,38.396500,-76.631333,,,,,,,Kantronics KPC-3 rom versions,,, W3 MD3-3 SMCARA APRS Digi
0,1542242275,2018-11-15T00:37:55Z,K4BW-12,W4VA-10,31(13/13),0,!,K4BW-12,S#,37.720500,-75.670500,,,,,,,Kantronics KPC-3 rom versions,,,"Eastern Shore ARC, Accomac, VA"
0,1542242282,2018-11-15T00:38:02Z,K3NAL-1,W4VA-10,29(13/13),0,!,K3NAL-1,S#,38.279833,-76.459667,,,,,,,"Network nodes, digis, etc",,, W3 MD3-3 PAX Digi
0,1542242285,2018-11-15T00:38:05Z,AB4DL,W4VA-10,35(14/16),0,>,AB4DL,/ ,,,,,,,,,,,,UI-View32 V2.03
0,1542242318,2018-11-15T00:38:38Z,WC4J-3,WC4J-3,60(30/18),0,>,WC4J-3,/f,,,,,,,,,APRSISCE win32 version,,,NX-74205
0,1542242318,2018-11-15T00:38:38Z,WC4J-3,WC4J-3,59(30/18),0,;,502,/d,38.663333,-77.255667,,,,,,,APRSISCE win32 version,,,OWL VFD
0,1542242319,2018-11-15T00:38:39Z,WC4J-3,N3HF-1?,47(24/17),0,>,WC4J-3,/f,,,,,,,,,APRSISCE win32 version,,,NX-74205
0,1542242320,2018-11-15T00:38:40Z,WC4J-3,N3HF-1?,47(23/17),0,;,502,/d,38.663333,-77.255667,,,,,,,APRSISCE win32 version,,,OWL VFD
0,1542242320,2018-11-15T00:38:40Z,N3HF-1,N3HF-1,47(23/16),0,!,N3HF-1,S#,38.684500,-77.418333,,,,,,,Kantronics KPC-3 rom versions,,,"/W3,VAn,Independent Hill VA /A=00354"
0,1542242340,2018-11-15T00:39:00Z,N4DSL-3,N3HF-1?,47(23/17),0,!,N4DSL-3,S#,38.444000,-78.734833,,,,,,,Kantronics KPC-3 rom versions,,,"/VAn,Wn Digi on Lairds Knob, VA A=3200"
0,1542242344,2018-11-15T00:39:04Z,N3GXH-9,W4VA-10,30(14/13),0,!,N3GXH-9,/j,39.390333,-76.780333,30.0,273.0,156.4,,,,Open Track,,,"OT3M, Nuvi350"
0,1542242354,2018-11-15T00:39:14Z,KJ4RPW-3,W4VA-10,30(13/13),0,!,KJ4RPW-3,S#,37.984167,-78.485000,,,,,,,Kantronics KPC-3 rom versions,,,"/W3,VAn,Wn  CHARLOTTESVILLE, VA"
0,1542242356,2018-11-15T00:39:16Z,KJ4RPW-3,WC4J-3?,58(28/17),0,!,KJ4RPW-3,S#,37.984167,-78.485000,,,,,,,Kantronics KPC-3 rom versions,,,"/W3,VAn,Wn  CHARLOTTESVILLE, VA"
0,1542242358,2018-11-15T00:39:18Z,K4RSU,N3HF-1,47(23/16),0,=,K4RSU,/-,38.709833,-77.377167,,,,,,,UIview 32 bit apps,,,"Zach in Manassas,VA {UIV32N}"
0,1542242368,2018-11-15T00:39:28Z,N3KTX-7,W4VA-10,31(13/14),0,!,N3KTX-7,S#,38.935667,-76.063333,,,,,,,Kantronics KPC-3 rom versions,,,  W3.MDn   MasonDixon Group
0,1542242374,2018-11-15T00:39:34Z,WC4J,N3HF-1?,47(23/17),0,>,WC4J,/ ,,,,,,,,,APRSISCE win32 version,,,in service
0,1542242378,2018-11-15T00:39:38Z,K4RSU,N3HF-1,48(23/16),0,>,K4RSU,/ ,,,,,,,,,UIview 32 bit apps,,,UI-View32 V2.03
0,1542242379,2018-11-15T00:39:39Z,K4RSU,W4PWC?,35(22/14),1,>,K4RSU,/ ,,,,,,,,,UIview 32 bit apps,,,UI-View32 V2.03
0,1542242390,2018-11-15T00:39:50Z,N1RM-1,W4VA-10,30(14/13),0,=,N1RM-1,F#,38.958167,-77.364333,,,,,,,UIview 32 bit apps,,,/W1-1 Digi nr Reston Hosp. {UIV32N}
0,1542242391,2018-11-15T00:39:51Z,N1RM-1,W4VA-10,41(17/17),1,>,N1RM-1,/a,,,,,,,,,UIview 32 bit apps,,,UI-View32 V2.03
0,1542242405,2018-11-15T00:40:05Z,K7SOB-13,W4VA-10,30(13/14),0,!,K7SOB-13,/#,39.315000,-79.132000,,,,,,,Open Track,,," 13.8V 59F 50W, Elevation 2982 ft, HAAT 1250 ft, 3dB Omni"
0,1542242409,2018-11-15T00:40:09Z,K7SOB-13,WC4J-3?,59(31/17),0,!,K7SOB-13,/#,39.315000,-79.132000,,,,,,,Open Track,,," 13.8V 59F 50W, Elevation 2982 ft, HAAT 1250 ft, 3dB Omni"
0,1542242409,2018-11-15T00:40:09Z,WC4J-3,WC4J-3,59(30/17),0,;,526,/d,38.684667,-77.360000,,,,,,,APRSISCE win32 version,,,PWC FD Station 26
0,1542242410,2018-11-15T00:40:10Z,WC4J-3,N3HF-1?,47(23/17),0,;,526,/d,38.684667,-77.360000,,,,,,,APRSISCE win32 version,,,PWC FD Station 26
0,1542242433,2018-11-15T00:40:33Z,W4VA-10,W4VA-10,30(13/13),0,:,W4VA-10,/<,,,,,,,,,"DireWolf, WB2OSZ",,,
0,1542242433,2018-11-15T00:40:33Z,W4VA-10,W4VA-10,30(13/14),0,:,W4VA-10,/<,,,,,,,,,"DireWolf, WB2OSZ",,,
0,1542242434,2018-11-15T00:40:34Z,W4VA-10,W4VA-10,32(13/14),0,:,W4VA-10,/<,,,,,,,,,"DireWolf, WB2OSZ",,,
0,1542242440,2018-11-15T00:40:40Z,W4VA-10,WC4J-3?,60(32/17),0,:,W4VA-10,/<,,,,,,,,,"DireWolf, WB2OSZ",,,
0,1542242441,2018-11-15T00:40:41Z,W4VA-10,WC4J-3?,59(31/17),0,:,W4VA-10,/<,,,,,,,,,"DireWolf, WB2OSZ",,,
0,1542242441,2018-11-15T00:40:41Z,W4VA-10,WC4J-3?,61(29/17),0,:,W4VA-10,/<,,,,,,,,,"DireWolf, WB2OSZ",,,
0,1542242442,2018-11-15T00:40:42Z,WC4J-3,WC4J-3,61(31/17),0,;,509,/d,38.770833,-77.446333,,,,,,,APRSISCE win32 version,,,Manassas Park FD
0,1542242448,2018-11-15T00:40:48Z,W4VA-10,W4VA-10,34(17/16),0,<,W4VA-10,/<,,,,,,,,,"DireWolf, WB2OSZ",,,"IGATE,MSG_CNT=0,PKT_CNT=0,DIR_CNT=25,LOC_CNT=78,RF_CNT=106,UPL_CNT=733952,DNL_CNT=270628"
0,1542242452,2018-11-15T00:40:52Z,W4VA-10,WC4J-3?,60(31/17),0,<,W4VA-10,/<,,,,,,,,,"DireWolf, WB2OSZ",,,"IGATE,MSG_CNT=0,PKT_CNT=0,DIR_CNT=25,LOC_CNT=78,RF_CNT=106,UPL_CNT=733952,DNL_CNT=270628"
0,1542242464,2018-11-15T00:41:04Z,W4IY,N3HF-1,46(22/16),0,!,W4IY,/&,38.650500,-77.275167,,,,,,,APRS4R software interface,,,APRS4R    Woodbridge  VA
0,1542242465,2018-11-15T00:41:05Z,W4IY,WC4J-3?,60(31/17),0,!,W4IY,/&,38.650500,-77.275167,,,,,,,APRS4R software interface,,,APRS4R    Woodbridge  VA
0,1542242469,2018-11-15T00:41:09Z,WC4J-3,WC4J-3,59(30/17),0,;,Heathcote,/h,38.820667,-77.641833,,,,,,,APRSISCE win32 version,,,Heathcote Hospital
0,1542242483,2018-11-15T00:41:23Z,N3HF-1,N3HF-1,47(23/16),0,;,443.450MD,/r,39.040000,-76.992167,,,,443.450,,156.7,,,, N3HF-R
0,1542242489,2018-11-15T00:41:29Z,KN4GXC-1,W4VA-10,36(14/14),0,`,KN4GXC-1,/#,38.885000,-77.116167,0.0,,105.0,,,,Kenwood TM-D710,Custom-0,,
0,1542242489,2018-11-15T00:41:29Z,KN4GXC-1,N3HF-1?,47(23/16),0,`,KN4GXC-1,/#,38.885000,-77.116167,0.0,,105.0,,,,Kenwood TM-D710,Custom-0,,
0,1542242492,2018-11-15T00:41:32Z,KN4GXC-1,WC4J-3?,59(30/17),0,`,KN4GXC-1,/#,38.885000,-77.116167,0.0,,105.0,,,,Kenwood TM-D710,Custom-0,,
0,1542242498,2018-11-15T00:41:38Z,WC4J-3,WC4J-3,59(30/17),0,;,Sentara,/h,38.636333,-77.286500,,,,,,,APRSISCE win32 version,,,Sentara NVA Medical Center
0,1542242515,2018-11-15T00:41:55Z,NU3S-7,W4VA-10,30(14/13),0,=,NU3S-7,/_,40.379167,-80.080000,,,,,,,Kenwood D710,,,
0,1542242528,2018-11-15T00:42:08Z,WC4J-3,WC4J-3,59(30/17),0,;,503F,/d,38.553500,-77.332500,,,,,,,APRSISCE win32 version,,,Dumfries Triangle VFD
0,1542242529,2018-11-15T00:42:09Z,WC4J-3,N3HF-1?,50(23/17),0,;,503F,/d,38.553500,-77.332500,,,,,,,APRSISCE win32 version,,,Dumfries Triangle VFD
0,1542242537,2018-11-15T00:42:17Z,K4DPF-2,N3HF-1?,49(24/17),0,_,K4DPF-2,/U,,,,,,,,,Byons WXTrac,,,
0,1542242539,2018-11-15T00:42:19Z,K4DPF-2,WC4J-3?,60(31/18),0,_,K4DPF-2,/U,,,,,,,,,Byons WXTrac,,,
0,1542242555,2018-11-15T00:42:35Z,KB3PBZ-5,N3HF-1?,48(23/16),0,`,KB3PBZ-5,/>,38.995833,-77.027833,0.0,106.0,120.0,146.955,,,Kenwood TM-D710,En Route,, & Voice Alert
0,1542242557,2018-11-15T00:42:37Z,KB3PBZ-5,W4VA-10,30(13/13),0,`,KB3PBZ-5,/>,38.995833,-77.027833,0.0,106.0,120.0,146.955,,,Kenwood TM-D710,En Route,, & Voice Alert
0,1542242559,2018-11-15T00:42:39Z,WC4J-3,WC4J-3,59(31/17),0,;,504,/d,38.804000,-77.618833,,,,,,,APRSISCE win32 version,,,Gainsville VFD
0,1542242563,2018-11-15T00:42:43Z,KC9ONB-7,N3HF-1?,46(22/16),0,`,KC9ONB-7,/>,38.657000,-77.282000,32.0,266.0,65.0,,,,Yaesu VX-8,In Service,,kc9onb@gmail.com
0,1542242565,2018-11-15T00:42:45Z,KC9ONB-7,W4VA-10,31(13/14),0,`,KC9ONB-7,/>,38.657000,-77.282000,32.0,266.0,65.0,,,,Yaesu VX-8,In Service,,kc9onb@gmail.com
0,1542242577,2018-11-15T00:42:57Z,AE4ML-1,VA2,50(23/17),0,!,AE4ML-1,S#,38.300000,-77.457167,,,,,,,Kantronics KPC-3 rom versions,,,"6/W3,VA3/Fredericksburg"
0,1542242578,2018-11-15T00:42:58Z,AE4ML-1,W4VA-10,31(14/14),0,;,147.015va,/r,38.275167,-77.543333,,,,147.015,,79.7,Kantronics KPC-3 rom versions,,,                   
0,1542242587,2018-11-15T00:43:07Z,N3GXH-9,W4VA-10,31(15/14),0,!,N3GXH-9,/j,39.374667,-76.779833,8.0,153.0,160.0,,,,Open Track,,,"OT3M, Nuvi350"
0,1542242588,2018-11-15T00:43:08Z,WC4J-3,WC4J-3,59(30/17),0,;,511,/d,38.786833,-77.508000,,,,,,,APRSISCE win32 version,,,Stonewall Jackson FD
0,1542242589,2018-11-15T00:43:09Z,WC4J-3,N3HF-1?,51(24/17),0,;,511,/d,38.786833,-77.508000,,,,,,,APRSISCE win32 version,,,Stonewall Jackson FD
0,1542242590,2018-11-15T00:43:10Z,WC4J-3,W4VA-10,30(17/14),0,;,511,/d,38.786833,-77.508000,,,,,,,APRSISCE win32 version,,,Stonewall Jackson FD
0,1542242618,2018-11-15T00:43:38Z,WC4J-3,WC4J-3,60(31/17),0,;,514,/d,38.688000,-77.313833,,,,,,,APRSISCE win32 version,,,OWL VFD
0,1542242634,2018-11-15T00:43:54Z,W4ABN-3,N3HF-1?,46(23/17),0,`,W4ABN-3,/k,38.936397,-77.545332,0.0,294.0,105.0,,,,Byonics TinyTrack3,In Service,"Seq=634, A1=409, A2=578",
0,1542242637,2018-11-15T00:43:57Z,W4ABN-3,W4VA-10,30(14/13),0,`,W4ABN-3,/k,38.936397,-77.545332,0.0,294.0,105.0,,,,Byonics TinyTrack3,In Service,"Seq=634, A1=409, A2=578",
0,1542242648,2018-11-15T00:44:08Z,WC4J-3,WC4J-3,59(29/17),0,;,503R,/d,38.558000,-77.325500,,,,,,,APRSISCE win32 version,,,Dumfries Triangle VFD
0,1542242649,2018-11-15T00:44:09Z,WC4J-3,N3HF-1?,50(24/17),0,;,503R,/d,38.558000,-77.325500,,,,,,,APRSISCE win32 version,,,Dumfries Triangle VFD
0,1542242676,2018-11-15T00:44:36Z,K3GJ-15,W4VA-10,31(13/13),0,!,K3GJ-15,S#,38.314667,-76.576667,,,,,,,,,, Hollywood MD
0,1542242678,2018-11-15T00:44:38Z,WC4J-3,WC4J-3,59(30/17),0,;,512,/d,38.635833,-77.276167,,,,,,,APRSISCE win32 version,,,OWL VFD
0,1542242679,2018-11-15T00:44:39Z,WC4J-3,N3HF-1?,48(24/17),0,;,512,/d,38.635833,-77.276167,,,,,,,APRSISCE win32 version,,,OWL VFD
0,1542242686,2018-11-15T00:44:46Z,N3HF-1,N3HF-1,47(23/16),0,;,IRLP-4712,I0,39.040000,-76.992167,,,,443.450,,156.7,,,, N3HF-R
0,1542242705,2018-11-15T00:45:05Z,NN3A-3,W4VA-10,30(14/14),0,!,NN3A-3,/_,39.994000,-79.092167,,,,,,,"Generic, (obsolete. Digis should use APNxxx instead)",,,
0,1542242708,2018-11-15T00:45:08Z,WC4J,N3HF-1?,47(23/16),0,;,WarrenMem,/h,38.931000,-78.198667,,,,,,,APRSISCE win32 version,,,Warren Memorial Hospital
0,1542242710,2018-11-15T00:45:10Z,WC4J,W4VA-10,29(18/13),0,;,WarrenMem,/h,38.931000,-78.198667,,,,,,,APRSISCE win32 version,,,Warren Memorial Hospital
0,1542242716,2018-11-15T00:45:16Z,KC3BBT-13,N3HF-1,50(24/17),0,@,KC3BBT-13,/_,38.966000,-77.094000,,,,,,,>40 APRSmax,,,
0,1542242720,2018-11-15T00:45:20Z,KC3BBT-13,WC4J-3?,59(31/17),0,@,KC3BBT-13,/_,38.966000,-77.094000,,,,,,,>40 APRSmax,,,
0,1542242728,2018-11-15T00:45:28Z,KA3CUQ,W4VA-10,29(14/13),0,@,KA3CUQ,/-,39.093333,-76.461500,,,,,,,APRSISCE win32 version,,,"Pasadena, MD"
0,1542242738,2018-11-15T00:45:38Z,WC4J-3,WC4J-3,59(29/17),0,;,507,/d,38.707167,-77.452833,,,,,,,APRSISCE win32 version,,,Lake Jackson VFD
0,1542242739,2018-11-15T00:45:39Z,WC4J-3,N3HF-1?,49(23/17),0,;,507,/d,38.707167,-77.452833,,,,,,,APRSISCE win32 version,,,Lake Jackson VFD
0,1542242754,2018-11-15T00:45:54Z,W4ABN-3,N3HF-1?,47(23/16),0,`,W4ABN-3,/k,38.936396,-77.545330,0.0,294.0,104.0,,,,Byonics TinyTrack3,In Service,"Seq=635, A1=411, A2=579",
0,1542242756,2018-11-15T00:45:56Z,W4ABN-3,WC4J-3?,61(31/17),0,`,W4ABN-3,/k,38.936396,-77.545330,0.0,294.0,104.0,,,,Byonics TinyTrack3,In Service,"Seq=635, A1=411, A2=579",
0,1542242758,2018-11-15T00:45:58Z,W4ABN-3,W4VA-10,32(13/14),0,`,W4ABN-3,/k,38.936396,-77.545330,0.0,294.0,104.0,,,,Byonics TinyTrack3,In Service,"Seq=635, A1=411, A2=579",
0,1542242768,2018-11-15T00:46:08Z,WC4J-3,WC4J-3,58(30/17),0,;,513,/d,38.656667,-77.341667,,,,,,,APRSISCE win32 version,,,Dale City VFD
0,1542242772,2018-11-15T00:46:12Z,WC4J-3,W4VA-10,31(14/13),0,;,513,/d,38.656667,-77.341667,,,,,,,APRSISCE win32 version,,,Dale City VFD
0,1542242796,2018-11-15T00:46:36Z,KB3PBZ-5,N3HF-1?,49(24/17),0,`,KB3PBZ-5,/>,39.010167,-77.040667,26.0,344.0,114.0,146.955,,,Kenwood TM-D710,En Route,, & Voice Alert
0,1542242797,2018-11-15T00:46:37Z,KB3PBZ-5,W4VA-10,29(18/14),0,`,KB3PBZ-5,/>,39.010167,-77.040667,26.0,344.0,114.0,146.955,,,Kenwood TM-D710,En Route,, & Voice Alert
0,1542242800,2018-11-15T00:46:40Z,WC4J-3,WC4J-3,59(30/17),0,;,PW HOSP,/h,38.767167,-77.487167,,,,,,,APRSISCE win32 version,,,PWC NOVANT HOSPITAL
0,1542242801,2018-11-15T00:46:41Z,WC4J-3,N3HF-1?,47(23/17),0,;,PW HOSP,/h,38.767167,-77.487167,,,,,,,APRSISCE win32 version,,,PWC NOVANT HOSPITAL
0,1542242806,2018-11-15T00:46:46Z,KC9ONB-7,N3HF-1?,46(22/16),0,`,KC9ONB-7,/>,38.651667,-77.300500,26.0,259.0,77.0,,,,Yaesu VX-8,In Service,,kc9onb@gmail.com
0,1542242807,2018-11-15T00:46:47Z,KC9ONB-7,W4VA-10,30(13/14),0,`,KC9ONB-7,/>,38.651667,-77.300500,26.0,259.0,77.0,,,,Yaesu VX-8,In Service,,kc9onb@gmail.com
0,1542242811,2018-11-15T00:46:51Z,N3HF-1,N3HF-1,46(22/16),0,;,EL-84345,E0,39.040000,-76.992167,,,,443.450,,156.7,Kantronics KPC-3 rom versions,,, N3HF-R
0,1542242823,2018-11-15T00:47:03Z,KE4FYL-1,N3HF-1?,50(24/16),0,!,KE4FYL-1,/#,39.116167,-77.582000,,,,,,,UIdigi,,," Fill-In W1,VA1 Leesburg VA"
0,1542242828,2018-11-15T00:47:08Z,K4EME-3,N3HF-1?,47(23/16),0,!,K4EME-3,/#,38.165333,-79.314167,,,,,,,,,,"/WIDE-RELAY digi on Elliott Knob,VA A=4440"
0,1542242830,2018-11-15T00:47:10Z,WC4J-3,WC4J-3,60(31/17),0,;,515,/d,38.880667,-77.634000,,,,,,,APRSISCE win32 version,,,Evergreen FD
0,1542242831,2018-11-15T00:47:11Z,WC4J-3,N3HF-1?,47(24/17),0,;,515,/d,38.880667,-77.634000,,,,,,,APRSISCE win32 version,,,Evergreen FD
0,1542242838,2018-11-15T00:47:18Z,K4DPF-2,W4VA-10,29(13/13),0,_,K4DPF-2,/U,,,,,,,,,Byons WXTrac,,,
0,1542242842,2018-11-15T00:47:22Z,W4PWC,N3HF-1,49(23/17),0,!,W4PWC,S#,38.567333,-77.657667,,,,,,,Kantronics KPC-9612 Roms,,, W2 VAN-N CATLETT VA
0,1542242857,2018-11-15T00:47:37Z,N3TOS,N3HF-1?,46(23/16),0,!,N3TOS,/-,39.198833,-76.971500,,,,,,,"DireWolf, WB2OSZ",,,"Paul in Highland. Xastir,Linux,Direwolf"
0,1542242858,2018-11-15T00:47:38Z,N3TOS,WC4J-3?,59(29/17),0,!,N3TOS,/-,39.198833,-76.971500,,,,,,,"DireWolf, WB2OSZ",,,"Paul in Highland. Xastir,Linux,Direwolf"
0,1542242859,2018-11-15T00:47:39Z,N3TOS,W4VA-10,30(16/13),0,!,N3TOS,/-,39.198833,-76.971500,,,,,,,"DireWolf, WB2OSZ",,,"Paul in Highland. Xastir,Linux,Direwolf"
0,1542242867,2018-11-15T00:47:47Z,K3HKI-1,W4VA-10,30(13/13),0,!,K3HKI-1,S#,38.396500,-76.631333,,,,,,,Kantronics KPC-3 rom versions,,, W3 MD3-3 SMCARA APRS Digi
0,1542242871,2018-11-15T00:47:51Z,K3HKI-1,WC4J-3?,58(28/17),0,!,K3HKI-1,S#,38.396500,-76.631333,,,,,,,Kantronics KPC-3 rom versions,,, W3 MD3-3 SMCARA APRS Digi
0,1542242873,2018-11-15T00:47:53Z,W4ABN-3,N3HF-1?,48(23/16),0,`,W4ABN-3,/k,38.936397,-77.545330,0.0,294.0,104.0,,,,Byonics TinyTrack3,In Service,"Seq=636, A1=409, A2=578",
0,1542242876,2018-11-15T00:47:56Z,W4ABN-3,W4VA-10,30(14/13),0,`,W4ABN-3,/k,38.936397,-77.545330,0.0,294.0,104.0,,,,Byonics TinyTrack3,In Service,"Seq=636, A1=409, A2=578",
0,1542242877,2018-11-15T00:47:57Z,W4ABN-3,WC4J-3?,60(30/17),0,`,W4ABN-3,/k,38.936397,-77.545330,0.0,294.0,104.0,,,,Byonics TinyTrack3,In Service,"Seq=636, A1=409, A2=578",
0,1542242885,2018-11-15T00:48:05Z,K3NAL-1,W4VA-10,32(14/13),0,!,K3NAL-1,S#,38.279833,-76.459667,,,,,,,"Network nodes, digis, etc",,, W3 MD3-3 PAX Digi
0,1542242904,2018-11-15T00:48:24Z,KC9ONB-7,N3HF-1?,47(22/16),0,`,KC9ONB-7,/>,38.654333,-77.303833,5.0,225.0,85.0,,,,Yaesu VX-8,In Service,,kc9onb@gmail.com
0,1542242905,2018-11-15T00:48:25Z,KC9ONB-7,W4VA-10,33(15/13),0,`,KC9ONB-7,/>,38.654333,-77.303833,5.0,225.0,85.0,,,,Yaesu VX-8,In Service,,kc9onb@gmail.com
0,1542242914,2018-11-15T00:48:34Z,KC9ONB-7,N3HF-1?,47(23/16),0,`,KC9ONB-7,/>,38.654333,-77.303833,5.0,225.0,85.0,,,,Yaesu VX-8,In Service,,kc9onb@gmail.com
0,1542242918,2018-11-15T00:48:38Z,WC4J-3,WC4J-3,60(30/17),0,;,523,/d,38.586500,-77.304833,,,,,,,APRSISCE win32 version,,,Dumfries Triangle VFD
0,1542242919,2018-11-15T00:48:39Z,WC4J-3,N3HF-1?,52(24/18),0,;,523,/d,38.586500,-77.304833,,,,,,,APRSISCE win32 version,,,Dumfries Triangle VFD
0,1542242920,2018-11-15T00:48:40Z,N3HF-1,N3HF-1,51(24/17),0,!,N3HF-1,S#,38.684500,-77.418333,,,,,,,Kantronics KPC-3 rom versions,,,"/W3,VAn,Independent Hill VA /A=00354"
0,1542242925,2018-11-15T00:48:45Z,N3HF-1,WC4J-3,59(29/18),0,!,N3HF-1,S#,38.684500,-77.418333,,,,,,,Kantronics KPC-3 rom versions,,,"/W3,VAn,Independent Hill VA /A=00354"
0,1542242926,2018-11-15T00:48:46Z,KK4ZUU,WC4J-3?,60(30/17),0,=,KK4ZUU,/#,38.823336,-77.442653,,,,,,,Xastir,,,XASTIR-Linux RaPi3 iGate temp antenna
0,1542242933,2018-11-15T00:48:53Z,N3JFS-1,W4VA-10,31(13/14),0,@,N3JFS-1,/_,39.557500,-75.760333,,,,,,,UIview 32 bit apps,,,
